<?xml version="1.0" encoding="utf-8"?>
<CoverageSession>
  <Summary numSequencePoints="815" visitedSequencePoints="383" numBranchPoints="178" visitedBranchPoints="59" sequenceCoverage="46.99" branchCoverage="33.14" maxCyclomaticComplexity="214" minCyclomaticComplexity="93" visitedClasses="23" numClasses="32" visitedMethods="113" numMethods="158" />
  <Modules>
    <Module hash="D36CB142-504F-437D-8C6A-06E0D2F5965D">
      <ModulePath>DbLib.dll</ModulePath>
      <ModuleTime>2022-01-17T12:49:25</ModuleTime>
      <ModuleName>DbLib</ModuleName>
      <Files>
        <File uid="1" fullPath="C:\Users\leand\Desktop\workdata\invoice-back\DbLib\Models\Credentials.cs" />
        <File uid="2" fullPath="C:\Users\leand\Desktop\workdata\invoice-back\DbLib\Database\Commands\ConnectionCommands.cs" />
        <File uid="3" fullPath="C:\Users\leand\Desktop\workdata\invoice-back\DbLib\Database\Commands\ConnectionCommandsFactory.cs" />
        <File uid="4" fullPath="C:\Users\leand\Desktop\workdata\invoice-back\DbLib\Database\Commands\Parameters.cs" />
        <File uid="5" fullPath="C:\Users\leand\Desktop\workdata\invoice-back\DbLib\Database\Connection.cs" />
        <File uid="6" fullPath="C:\Users\leand\Desktop\workdata\invoice-back\DbLib\Database\ConnectionString\DatabaseConnectionString.cs" />
        <File uid="7" fullPath="C:\Users\leand\Desktop\workdata\invoice-back\DbLib\Database\ConnectionString\OracleConnectionString.cs" />
        <File uid="8" fullPath="C:\Users\leand\Desktop\workdata\invoice-back\DbLib\Database\ConnectionString\SqlServerConnectionString.cs" />
        <File uid="9" fullPath="C:\Users\leand\Desktop\workdata\invoice-back\DbLib\Database\Engines\DbOracle.cs" />
        <File uid="10" fullPath="C:\Users\leand\Desktop\workdata\invoice-back\DbLib\Database\Engines\DbSqlServer.cs" />
      </Files>
      <Classes>
        <Class>
          <Summary numSequencePoints="6" visitedSequencePoints="6" numBranchPoints="0" visitedBranchPoints="0" sequenceCoverage="100" branchCoverage="100" maxCyclomaticComplexity="1" minCyclomaticComplexity="1" visitedClasses="1" numClasses="1" visitedMethods="6" numMethods="6" />
          <FullName>DbLib.Models.Credentials</FullName>
          <Methods>
            <Method cyclomaticComplexity="1" nPathComplexity="1" sequenceCoverage="100" branchCoverage="100" isConstructor="False" isGetter="True" isSetter="False" isStatic="True">
              <Summary numSequencePoints="1" visitedSequencePoints="1" numBranchPoints="0" visitedBranchPoints="0" sequenceCoverage="100" branchCoverage="100" maxCyclomaticComplexity="1" minCyclomaticComplexity="1" visitedClasses="0" numClasses="0" visitedMethods="1" numMethods="1" />
              <MetadataToken />
              <Name>System.String DbLib.Models.Credentials::get_Engine()</Name>
              <FileRef uid="1" />
              <SequencePoints>
                <SequencePoint vc="8" uspid="14" ordinal="0" sl="14" sc="1" el="14" ec="2" bec="0" bev="0" fileid="1" />
              </SequencePoints>
              <BranchPoints />
              <MethodPoint vc="1" uspid="0" p8:type="SequencePoint" ordinal="0" offset="0" sc="0" sl="14" ec="1" el="14" bec="0" bev="0" fileid="1" xmlns:p8="xsi" />
            </Method>
            <Method cyclomaticComplexity="1" nPathComplexity="1" sequenceCoverage="100" branchCoverage="100" isConstructor="False" isGetter="True" isSetter="False" isStatic="True">
              <Summary numSequencePoints="1" visitedSequencePoints="1" numBranchPoints="0" visitedBranchPoints="0" sequenceCoverage="100" branchCoverage="100" maxCyclomaticComplexity="1" minCyclomaticComplexity="1" visitedClasses="0" numClasses="0" visitedMethods="1" numMethods="1" />
              <MetadataToken />
              <Name>System.String DbLib.Models.Credentials::get_Username()</Name>
              <FileRef uid="1" />
              <SequencePoints>
                <SequencePoint vc="8" uspid="20" ordinal="0" sl="20" sc="1" el="20" ec="2" bec="0" bev="0" fileid="1" />
              </SequencePoints>
              <BranchPoints />
              <MethodPoint vc="1" uspid="0" p8:type="SequencePoint" ordinal="1" offset="1" sc="0" sl="20" ec="1" el="20" bec="0" bev="0" fileid="1" xmlns:p8="xsi" />
            </Method>
            <Method cyclomaticComplexity="1" nPathComplexity="1" sequenceCoverage="100" branchCoverage="100" isConstructor="False" isGetter="True" isSetter="False" isStatic="True">
              <Summary numSequencePoints="1" visitedSequencePoints="1" numBranchPoints="0" visitedBranchPoints="0" sequenceCoverage="100" branchCoverage="100" maxCyclomaticComplexity="1" minCyclomaticComplexity="1" visitedClasses="0" numClasses="0" visitedMethods="1" numMethods="1" />
              <MetadataToken />
              <Name>System.String DbLib.Models.Credentials::get_Password()</Name>
              <FileRef uid="1" />
              <SequencePoints>
                <SequencePoint vc="8" uspid="26" ordinal="0" sl="26" sc="1" el="26" ec="2" bec="0" bev="0" fileid="1" />
              </SequencePoints>
              <BranchPoints />
              <MethodPoint vc="1" uspid="0" p8:type="SequencePoint" ordinal="2" offset="2" sc="0" sl="26" ec="1" el="26" bec="0" bev="0" fileid="1" xmlns:p8="xsi" />
            </Method>
            <Method cyclomaticComplexity="1" nPathComplexity="1" sequenceCoverage="100" branchCoverage="100" isConstructor="False" isGetter="True" isSetter="False" isStatic="True">
              <Summary numSequencePoints="1" visitedSequencePoints="1" numBranchPoints="0" visitedBranchPoints="0" sequenceCoverage="100" branchCoverage="100" maxCyclomaticComplexity="1" minCyclomaticComplexity="1" visitedClasses="0" numClasses="0" visitedMethods="1" numMethods="1" />
              <MetadataToken />
              <Name>System.String DbLib.Models.Credentials::get_Host()</Name>
              <FileRef uid="1" />
              <SequencePoints>
                <SequencePoint vc="8" uspid="32" ordinal="0" sl="32" sc="1" el="32" ec="2" bec="0" bev="0" fileid="1" />
              </SequencePoints>
              <BranchPoints />
              <MethodPoint vc="1" uspid="0" p8:type="SequencePoint" ordinal="3" offset="3" sc="0" sl="32" ec="1" el="32" bec="0" bev="0" fileid="1" xmlns:p8="xsi" />
            </Method>
            <Method cyclomaticComplexity="1" nPathComplexity="1" sequenceCoverage="100" branchCoverage="100" isConstructor="False" isGetter="True" isSetter="False" isStatic="True">
              <Summary numSequencePoints="1" visitedSequencePoints="1" numBranchPoints="0" visitedBranchPoints="0" sequenceCoverage="100" branchCoverage="100" maxCyclomaticComplexity="1" minCyclomaticComplexity="1" visitedClasses="0" numClasses="0" visitedMethods="1" numMethods="1" />
              <MetadataToken />
              <Name>System.String DbLib.Models.Credentials::get_Dbname()</Name>
              <FileRef uid="1" />
              <SequencePoints>
                <SequencePoint vc="8" uspid="38" ordinal="0" sl="38" sc="1" el="38" ec="2" bec="0" bev="0" fileid="1" />
              </SequencePoints>
              <BranchPoints />
              <MethodPoint vc="1" uspid="0" p8:type="SequencePoint" ordinal="4" offset="4" sc="0" sl="38" ec="1" el="38" bec="0" bev="0" fileid="1" xmlns:p8="xsi" />
            </Method>
            <Method cyclomaticComplexity="1" nPathComplexity="1" sequenceCoverage="100" branchCoverage="100" isConstructor="False" isGetter="True" isSetter="False" isStatic="True">
              <Summary numSequencePoints="1" visitedSequencePoints="1" numBranchPoints="0" visitedBranchPoints="0" sequenceCoverage="100" branchCoverage="100" maxCyclomaticComplexity="1" minCyclomaticComplexity="1" visitedClasses="0" numClasses="0" visitedMethods="1" numMethods="1" />
              <MetadataToken />
              <Name>System.String DbLib.Models.Credentials::get_Port()</Name>
              <FileRef uid="1" />
              <SequencePoints>
                <SequencePoint vc="2" uspid="44" ordinal="0" sl="44" sc="1" el="44" ec="2" bec="0" bev="0" fileid="1" />
              </SequencePoints>
              <BranchPoints />
              <MethodPoint vc="1" uspid="0" p8:type="SequencePoint" ordinal="5" offset="5" sc="0" sl="44" ec="1" el="44" bec="0" bev="0" fileid="1" xmlns:p8="xsi" />
            </Method>
          </Methods>
        </Class>
        <Class>
          <Summary numSequencePoints="160" visitedSequencePoints="6" numBranchPoints="32" visitedBranchPoints="0" sequenceCoverage="3.75" branchCoverage="0" maxCyclomaticComplexity="10" minCyclomaticComplexity="1" visitedClasses="1" numClasses="1" visitedMethods="2" numMethods="15" />
          <FullName>DbLib.Database.ConnectionCommands</FullName>
          <Methods>
            <Method cyclomaticComplexity="1" nPathComplexity="1" sequenceCoverage="100" branchCoverage="100" isConstructor="False" isGetter="True" isSetter="False" isStatic="True">
              <Summary numSequencePoints="1" visitedSequencePoints="1" numBranchPoints="0" visitedBranchPoints="0" sequenceCoverage="100" branchCoverage="100" maxCyclomaticComplexity="1" minCyclomaticComplexity="1" visitedClasses="0" numClasses="0" visitedMethods="1" numMethods="1" />
              <MetadataToken />
              <Name>System.Data.Common.DbTransaction DbLib.Database.ConnectionCommands::get_Transaction()</Name>
              <FileRef uid="2" />
              <SequencePoints>
                <SequencePoint vc="2" uspid="40" ordinal="0" sl="40" sc="1" el="40" ec="2" bec="0" bev="0" fileid="2" />
              </SequencePoints>
              <BranchPoints />
              <MethodPoint vc="1" uspid="0" p8:type="SequencePoint" ordinal="0" offset="0" sc="0" sl="40" ec="1" el="40" bec="0" bev="0" fileid="2" xmlns:p8="xsi" />
            </Method>
            <Method cyclomaticComplexity="1" nPathComplexity="1" sequenceCoverage="0" branchCoverage="100" isConstructor="False" isGetter="True" isSetter="False" isStatic="True">
              <Summary numSequencePoints="1" visitedSequencePoints="0" numBranchPoints="0" visitedBranchPoints="0" sequenceCoverage="0" branchCoverage="100" maxCyclomaticComplexity="1" minCyclomaticComplexity="1" visitedClasses="0" numClasses="0" visitedMethods="0" numMethods="1" />
              <MetadataToken />
              <Name>System.Data.Common.DbCommand DbLib.Database.ConnectionCommands::get_Command()</Name>
              <FileRef uid="2" />
              <SequencePoints>
                <SequencePoint vc="0" uspid="46" ordinal="0" sl="46" sc="1" el="46" ec="2" bec="0" bev="0" fileid="2" />
              </SequencePoints>
              <BranchPoints />
              <MethodPoint vc="0" uspid="0" p8:type="SequencePoint" ordinal="1" offset="1" sc="0" sl="46" ec="1" el="46" bec="0" bev="0" fileid="2" xmlns:p8="xsi" />
            </Method>
            <Method cyclomaticComplexity="2" nPathComplexity="2" sequenceCoverage="0" branchCoverage="0" isConstructor="False" isGetter="False" isSetter="False" isStatic="True">
              <Summary numSequencePoints="21" visitedSequencePoints="0" numBranchPoints="2" visitedBranchPoints="0" sequenceCoverage="0" branchCoverage="0" maxCyclomaticComplexity="2" minCyclomaticComplexity="2" visitedClasses="0" numClasses="0" visitedMethods="0" numMethods="1" />
              <MetadataToken />
              <Name>System.Boolean DbLib.Database.ConnectionCommands::ExecuteQuery(System.String)</Name>
              <FileRef uid="2" />
              <SequencePoints>
                <SequencePoint vc="0" uspid="54" ordinal="0" sl="54" sc="1" el="54" ec="2" bec="0" bev="0" fileid="2" />
                <SequencePoint vc="0" uspid="55" ordinal="1" sl="55" sc="1" el="55" ec="2" bec="2" bev="0" fileid="2" />
                <SequencePoint vc="0" uspid="56" ordinal="2" sl="56" sc="1" el="56" ec="2" bec="0" bev="0" fileid="2" />
                <SequencePoint vc="0" uspid="58" ordinal="3" sl="58" sc="1" el="58" ec="2" bec="0" bev="0" fileid="2" />
                <SequencePoint vc="0" uspid="59" ordinal="4" sl="59" sc="1" el="59" ec="2" bec="0" bev="0" fileid="2" />
                <SequencePoint vc="0" uspid="60" ordinal="5" sl="60" sc="1" el="60" ec="2" bec="0" bev="0" fileid="2" />
                <SequencePoint vc="0" uspid="61" ordinal="6" sl="61" sc="1" el="61" ec="2" bec="0" bev="0" fileid="2" />
                <SequencePoint vc="0" uspid="62" ordinal="7" sl="62" sc="1" el="62" ec="2" bec="0" bev="0" fileid="2" />
                <SequencePoint vc="0" uspid="63" ordinal="8" sl="63" sc="1" el="63" ec="2" bec="0" bev="0" fileid="2" />
                <SequencePoint vc="0" uspid="64" ordinal="9" sl="64" sc="1" el="64" ec="2" bec="0" bev="0" fileid="2" />
                <SequencePoint vc="0" uspid="65" ordinal="10" sl="65" sc="1" el="65" ec="2" bec="0" bev="0" fileid="2" />
                <SequencePoint vc="0" uspid="66" ordinal="11" sl="66" sc="1" el="66" ec="2" bec="0" bev="0" fileid="2" />
                <SequencePoint vc="0" uspid="67" ordinal="12" sl="67" sc="1" el="67" ec="2" bec="0" bev="0" fileid="2" />
                <SequencePoint vc="0" uspid="68" ordinal="13" sl="68" sc="1" el="68" ec="2" bec="0" bev="0" fileid="2" />
                <SequencePoint vc="0" uspid="69" ordinal="14" sl="69" sc="1" el="69" ec="2" bec="0" bev="0" fileid="2" />
                <SequencePoint vc="0" uspid="71" ordinal="15" sl="71" sc="1" el="71" ec="2" bec="0" bev="0" fileid="2" />
                <SequencePoint vc="0" uspid="73" ordinal="16" sl="73" sc="1" el="73" ec="2" bec="0" bev="0" fileid="2" />
                <SequencePoint vc="0" uspid="74" ordinal="17" sl="74" sc="1" el="74" ec="2" bec="0" bev="0" fileid="2" />
                <SequencePoint vc="0" uspid="75" ordinal="18" sl="75" sc="1" el="75" ec="2" bec="0" bev="0" fileid="2" />
                <SequencePoint vc="0" uspid="78" ordinal="19" sl="78" sc="1" el="78" ec="2" bec="0" bev="0" fileid="2" />
                <SequencePoint vc="0" uspid="79" ordinal="20" sl="79" sc="1" el="79" ec="2" bec="0" bev="0" fileid="2" />
              </SequencePoints>
              <BranchPoints>
                <BranchPoint vc="0" uspid="55" ordinal="0" path="0" offset="12" offsetend="17" sl="55" fileid="2" />
                <BranchPoint vc="0" uspid="55" ordinal="1" path="1" offset="12" offsetend="173" sl="55" fileid="2" />
              </BranchPoints>
              <MethodPoint vc="0" uspid="0" p8:type="SequencePoint" ordinal="2" offset="2" sc="0" sl="54" ec="1" el="79" bec="0" bev="0" fileid="2" xmlns:p8="xsi" />
            </Method>
            <Method cyclomaticComplexity="10" nPathComplexity="10" sequenceCoverage="0" branchCoverage="0" isConstructor="False" isGetter="False" isSetter="False" isStatic="True">
              <Summary numSequencePoints="31" visitedSequencePoints="0" numBranchPoints="10" visitedBranchPoints="0" sequenceCoverage="0" branchCoverage="0" maxCyclomaticComplexity="10" minCyclomaticComplexity="10" visitedClasses="0" numClasses="0" visitedMethods="0" numMethods="1" />
              <MetadataToken />
              <Name>System.Boolean DbLib.Database.ConnectionCommands::ExecuteParametrizedQuery(System.String,System.Collections.Generic.ICollection`1&lt;DbLib.Database.Parameters&gt;)</Name>
              <FileRef uid="2" />
              <SequencePoints>
                <SequencePoint vc="0" uspid="88" ordinal="0" sl="88" sc="1" el="88" ec="2" bec="0" bev="0" fileid="2" />
                <SequencePoint vc="0" uspid="89" ordinal="1" sl="89" sc="1" el="89" ec="2" bec="6" bev="0" fileid="2" />
                <SequencePoint vc="0" uspid="90" ordinal="2" sl="90" sc="1" el="90" ec="2" bec="0" bev="0" fileid="2" />
                <SequencePoint vc="0" uspid="91" ordinal="3" sl="91" sc="1" el="91" ec="2" bec="0" bev="0" fileid="2" />
                <SequencePoint vc="0" uspid="92" ordinal="4" sl="92" sc="1" el="92" ec="2" bec="0" bev="0" fileid="2" />
                <SequencePoint vc="0" uspid="96" ordinal="5" sl="96" sc="1" el="96" ec="2" bec="0" bev="0" fileid="2" />
                <SequencePoint vc="0" uspid="97" ordinal="6" sl="97" sc="1" el="97" ec="2" bec="0" bev="0" fileid="2" />
                <SequencePoint vc="0" uspid="99" ordinal="7" sl="99" sc="1" el="99" ec="2" bec="0" bev="0" fileid="2" />
                <SequencePoint vc="0" uspid="101" ordinal="8" sl="101" sc="1" el="101" ec="2" bec="2" bev="0" fileid="2" />
                <SequencePoint vc="0" uspid="102" ordinal="9" sl="102" sc="1" el="102" ec="2" bec="0" bev="0" fileid="2" />
                <SequencePoint vc="0" uspid="103" ordinal="10" sl="103" sc="1" el="103" ec="2" bec="0" bev="0" fileid="2" />
                <SequencePoint vc="0" uspid="104" ordinal="11" sl="104" sc="1" el="104" ec="2" bec="0" bev="0" fileid="2" />
                <SequencePoint vc="0" uspid="105" ordinal="12" sl="105" sc="1" el="105" ec="2" bec="0" bev="0" fileid="2" />
                <SequencePoint vc="0" uspid="106" ordinal="13" sl="106" sc="1" el="106" ec="2" bec="0" bev="0" fileid="2" />
                <SequencePoint vc="0" uspid="107" ordinal="14" sl="107" sc="1" el="107" ec="2" bec="0" bev="0" fileid="2" />
                <SequencePoint vc="0" uspid="108" ordinal="15" sl="108" sc="1" el="108" ec="2" bec="0" bev="0" fileid="2" />
                <SequencePoint vc="0" uspid="110" ordinal="16" sl="110" sc="1" el="110" ec="2" bec="0" bev="0" fileid="2" />
                <SequencePoint vc="0" uspid="111" ordinal="17" sl="111" sc="1" el="111" ec="2" bec="0" bev="0" fileid="2" />
                <SequencePoint vc="0" uspid="112" ordinal="18" sl="112" sc="1" el="112" ec="2" bec="0" bev="0" fileid="2" />
                <SequencePoint vc="0" uspid="113" ordinal="19" sl="113" sc="1" el="113" ec="2" bec="2" bev="0" fileid="2" />
                <SequencePoint vc="0" uspid="114" ordinal="20" sl="114" sc="1" el="114" ec="2" bec="0" bev="0" fileid="2" />
                <SequencePoint vc="0" uspid="115" ordinal="21" sl="115" sc="1" el="115" ec="2" bec="0" bev="0" fileid="2" />
                <SequencePoint vc="0" uspid="116" ordinal="22" sl="116" sc="1" el="116" ec="2" bec="0" bev="0" fileid="2" />
                <SequencePoint vc="0" uspid="118" ordinal="23" sl="118" sc="1" el="118" ec="2" bec="0" bev="0" fileid="2" />
                <SequencePoint vc="0" uspid="119" ordinal="24" sl="119" sc="1" el="119" ec="2" bec="0" bev="0" fileid="2" />
                <SequencePoint vc="0" uspid="120" ordinal="25" sl="120" sc="1" el="120" ec="2" bec="0" bev="0" fileid="2" />
                <SequencePoint vc="0" uspid="121" ordinal="26" sl="121" sc="1" el="121" ec="2" bec="0" bev="0" fileid="2" />
                <SequencePoint vc="0" uspid="122" ordinal="27" sl="122" sc="1" el="122" ec="2" bec="0" bev="0" fileid="2" />
                <SequencePoint vc="0" uspid="123" ordinal="28" sl="123" sc="1" el="123" ec="2" bec="0" bev="0" fileid="2" />
                <SequencePoint vc="0" uspid="126" ordinal="29" sl="126" sc="1" el="126" ec="2" bec="0" bev="0" fileid="2" />
                <SequencePoint vc="0" uspid="127" ordinal="30" sl="127" sc="1" el="127" ec="2" bec="0" bev="0" fileid="2" />
              </SequencePoints>
              <BranchPoints>
                <BranchPoint vc="0" uspid="89" ordinal="0" path="0" offset="7" offsetend="9" sl="89" fileid="2" />
                <BranchPoint vc="0" uspid="89" ordinal="2" path="0" offset="10" offsetend="12" sl="89" fileid="2" />
                <BranchPoint vc="0" uspid="89" ordinal="1" path="1" offset="7" offsetend="26" sl="89" fileid="2" />
                <BranchPoint vc="0" uspid="89" ordinal="3" path="1" offset="10" offsetend="26" sl="89" fileid="2" />
                <BranchPoint vc="0" uspid="89" ordinal="4" path="0" offset="29" offsetend="31" sl="89" fileid="2" />
                <BranchPoint vc="0" uspid="89" ordinal="5" path="1" offset="29" offsetend="50" sl="89" fileid="2" />
                <BranchPoint vc="0" uspid="101" ordinal="7" path="1" offset="180" offsetend="97" sl="101" fileid="2" />
                <BranchPoint vc="0" uspid="101" ordinal="6" path="0" offset="180" offsetend="182" sl="101" fileid="2" />
                <BranchPoint vc="0" uspid="113" ordinal="8" path="0" offset="236" offsetend="238" sl="113" fileid="2" />
                <BranchPoint vc="0" uspid="113" ordinal="9" path="1" offset="236" offsetend="253" sl="113" fileid="2" />
              </BranchPoints>
              <MethodPoint vc="0" uspid="0" p8:type="SequencePoint" ordinal="3" offset="3" sc="0" sl="88" ec="1" el="127" bec="0" bev="0" fileid="2" xmlns:p8="xsi" />
            </Method>
            <Method cyclomaticComplexity="2" nPathComplexity="2" sequenceCoverage="0" branchCoverage="0" isConstructor="False" isGetter="False" isSetter="False" isStatic="True">
              <Summary numSequencePoints="21" visitedSequencePoints="0" numBranchPoints="2" visitedBranchPoints="0" sequenceCoverage="0" branchCoverage="0" maxCyclomaticComplexity="2" minCyclomaticComplexity="2" visitedClasses="0" numClasses="0" visitedMethods="0" numMethods="1" />
              <MetadataToken />
              <Name>System.Data.Common.DbDataReader DbLib.Database.ConnectionCommands::ExecuteReader(System.String)</Name>
              <FileRef uid="2" />
              <SequencePoints>
                <SequencePoint vc="0" uspid="135" ordinal="0" sl="135" sc="1" el="135" ec="2" bec="0" bev="0" fileid="2" />
                <SequencePoint vc="0" uspid="136" ordinal="1" sl="136" sc="1" el="136" ec="2" bec="0" bev="0" fileid="2" />
                <SequencePoint vc="0" uspid="137" ordinal="2" sl="137" sc="1" el="137" ec="2" bec="2" bev="0" fileid="2" />
                <SequencePoint vc="0" uspid="138" ordinal="3" sl="138" sc="1" el="138" ec="2" bec="0" bev="0" fileid="2" />
                <SequencePoint vc="0" uspid="140" ordinal="4" sl="140" sc="1" el="140" ec="2" bec="0" bev="0" fileid="2" />
                <SequencePoint vc="0" uspid="141" ordinal="5" sl="141" sc="1" el="141" ec="2" bec="0" bev="0" fileid="2" />
                <SequencePoint vc="0" uspid="142" ordinal="6" sl="142" sc="1" el="142" ec="2" bec="0" bev="0" fileid="2" />
                <SequencePoint vc="0" uspid="143" ordinal="7" sl="143" sc="1" el="143" ec="2" bec="0" bev="0" fileid="2" />
                <SequencePoint vc="0" uspid="144" ordinal="8" sl="144" sc="1" el="144" ec="2" bec="0" bev="0" fileid="2" />
                <SequencePoint vc="0" uspid="145" ordinal="9" sl="145" sc="1" el="145" ec="2" bec="0" bev="0" fileid="2" />
                <SequencePoint vc="0" uspid="146" ordinal="10" sl="146" sc="1" el="146" ec="2" bec="0" bev="0" fileid="2" />
                <SequencePoint vc="0" uspid="147" ordinal="11" sl="147" sc="1" el="147" ec="2" bec="0" bev="0" fileid="2" />
                <SequencePoint vc="0" uspid="148" ordinal="12" sl="148" sc="1" el="148" ec="2" bec="0" bev="0" fileid="2" />
                <SequencePoint vc="0" uspid="149" ordinal="13" sl="149" sc="1" el="149" ec="2" bec="0" bev="0" fileid="2" />
                <SequencePoint vc="0" uspid="150" ordinal="14" sl="150" sc="1" el="150" ec="2" bec="0" bev="0" fileid="2" />
                <SequencePoint vc="0" uspid="151" ordinal="15" sl="151" sc="1" el="151" ec="2" bec="0" bev="0" fileid="2" />
                <SequencePoint vc="0" uspid="153" ordinal="16" sl="153" sc="1" el="153" ec="2" bec="0" bev="0" fileid="2" />
                <SequencePoint vc="0" uspid="154" ordinal="17" sl="154" sc="1" el="154" ec="2" bec="0" bev="0" fileid="2" />
                <SequencePoint vc="0" uspid="155" ordinal="18" sl="155" sc="1" el="155" ec="2" bec="0" bev="0" fileid="2" />
                <SequencePoint vc="0" uspid="157" ordinal="19" sl="157" sc="1" el="157" ec="2" bec="0" bev="0" fileid="2" />
                <SequencePoint vc="0" uspid="158" ordinal="20" sl="158" sc="1" el="158" ec="2" bec="0" bev="0" fileid="2" />
              </SequencePoints>
              <BranchPoints>
                <BranchPoint vc="0" uspid="137" ordinal="0" path="0" offset="14" offsetend="19" sl="137" fileid="2" />
                <BranchPoint vc="0" uspid="137" ordinal="1" path="1" offset="14" offsetend="155" sl="137" fileid="2" />
              </BranchPoints>
              <MethodPoint vc="0" uspid="0" p8:type="SequencePoint" ordinal="4" offset="4" sc="0" sl="135" ec="1" el="158" bec="0" bev="0" fileid="2" xmlns:p8="xsi" />
            </Method>
            <Method cyclomaticComplexity="8" nPathComplexity="8" sequenceCoverage="0" branchCoverage="0" isConstructor="False" isGetter="False" isSetter="False" isStatic="True">
              <Summary numSequencePoints="27" visitedSequencePoints="0" numBranchPoints="8" visitedBranchPoints="0" sequenceCoverage="0" branchCoverage="0" maxCyclomaticComplexity="8" minCyclomaticComplexity="8" visitedClasses="0" numClasses="0" visitedMethods="0" numMethods="1" />
              <MetadataToken />
              <Name>System.Data.Common.DbDataReader DbLib.Database.ConnectionCommands::ExecuteParametrizedReader(System.String,System.Collections.Generic.ICollection`1&lt;DbLib.Database.Parameters&gt;)</Name>
              <FileRef uid="2" />
              <SequencePoints>
                <SequencePoint vc="0" uspid="167" ordinal="0" sl="167" sc="1" el="167" ec="2" bec="0" bev="0" fileid="2" />
                <SequencePoint vc="0" uspid="168" ordinal="1" sl="168" sc="1" el="168" ec="2" bec="0" bev="0" fileid="2" />
                <SequencePoint vc="0" uspid="170" ordinal="2" sl="170" sc="1" el="170" ec="2" bec="6" bev="0" fileid="2" />
                <SequencePoint vc="0" uspid="171" ordinal="3" sl="171" sc="1" el="171" ec="2" bec="0" bev="0" fileid="2" />
                <SequencePoint vc="0" uspid="172" ordinal="4" sl="172" sc="1" el="172" ec="2" bec="0" bev="0" fileid="2" />
                <SequencePoint vc="0" uspid="173" ordinal="5" sl="173" sc="1" el="173" ec="2" bec="0" bev="0" fileid="2" />
                <SequencePoint vc="0" uspid="177" ordinal="6" sl="177" sc="1" el="177" ec="2" bec="0" bev="0" fileid="2" />
                <SequencePoint vc="0" uspid="178" ordinal="7" sl="178" sc="1" el="178" ec="2" bec="0" bev="0" fileid="2" />
                <SequencePoint vc="0" uspid="180" ordinal="8" sl="180" sc="1" el="180" ec="2" bec="0" bev="0" fileid="2" />
                <SequencePoint vc="0" uspid="182" ordinal="9" sl="182" sc="1" el="182" ec="2" bec="2" bev="0" fileid="2" />
                <SequencePoint vc="0" uspid="183" ordinal="10" sl="183" sc="1" el="183" ec="2" bec="0" bev="0" fileid="2" />
                <SequencePoint vc="0" uspid="184" ordinal="11" sl="184" sc="1" el="184" ec="2" bec="0" bev="0" fileid="2" />
                <SequencePoint vc="0" uspid="185" ordinal="12" sl="185" sc="1" el="185" ec="2" bec="0" bev="0" fileid="2" />
                <SequencePoint vc="0" uspid="186" ordinal="13" sl="186" sc="1" el="186" ec="2" bec="0" bev="0" fileid="2" />
                <SequencePoint vc="0" uspid="187" ordinal="14" sl="187" sc="1" el="187" ec="2" bec="0" bev="0" fileid="2" />
                <SequencePoint vc="0" uspid="188" ordinal="15" sl="188" sc="1" el="188" ec="2" bec="0" bev="0" fileid="2" />
                <SequencePoint vc="0" uspid="189" ordinal="16" sl="189" sc="1" el="189" ec="2" bec="0" bev="0" fileid="2" />
                <SequencePoint vc="0" uspid="191" ordinal="17" sl="191" sc="1" el="191" ec="2" bec="0" bev="0" fileid="2" />
                <SequencePoint vc="0" uspid="192" ordinal="18" sl="192" sc="1" el="192" ec="2" bec="0" bev="0" fileid="2" />
                <SequencePoint vc="0" uspid="193" ordinal="19" sl="193" sc="1" el="193" ec="2" bec="0" bev="0" fileid="2" />
                <SequencePoint vc="0" uspid="194" ordinal="20" sl="194" sc="1" el="194" ec="2" bec="0" bev="0" fileid="2" />
                <SequencePoint vc="0" uspid="195" ordinal="21" sl="195" sc="1" el="195" ec="2" bec="0" bev="0" fileid="2" />
                <SequencePoint vc="0" uspid="196" ordinal="22" sl="196" sc="1" el="196" ec="2" bec="0" bev="0" fileid="2" />
                <SequencePoint vc="0" uspid="197" ordinal="23" sl="197" sc="1" el="197" ec="2" bec="0" bev="0" fileid="2" />
                <SequencePoint vc="0" uspid="198" ordinal="24" sl="198" sc="1" el="198" ec="2" bec="0" bev="0" fileid="2" />
                <SequencePoint vc="0" uspid="200" ordinal="25" sl="200" sc="1" el="200" ec="2" bec="0" bev="0" fileid="2" />
                <SequencePoint vc="0" uspid="201" ordinal="26" sl="201" sc="1" el="201" ec="2" bec="0" bev="0" fileid="2" />
              </SequencePoints>
              <BranchPoints>
                <BranchPoint vc="0" uspid="170" ordinal="0" path="0" offset="9" offsetend="11" sl="170" fileid="2" />
                <BranchPoint vc="0" uspid="170" ordinal="2" path="0" offset="12" offsetend="14" sl="170" fileid="2" />
                <BranchPoint vc="0" uspid="170" ordinal="1" path="1" offset="9" offsetend="28" sl="170" fileid="2" />
                <BranchPoint vc="0" uspid="170" ordinal="3" path="1" offset="12" offsetend="28" sl="170" fileid="2" />
                <BranchPoint vc="0" uspid="170" ordinal="4" path="0" offset="31" offsetend="33" sl="170" fileid="2" />
                <BranchPoint vc="0" uspid="170" ordinal="5" path="1" offset="31" offsetend="52" sl="170" fileid="2" />
                <BranchPoint vc="0" uspid="182" ordinal="7" path="1" offset="198" offsetend="105" sl="182" fileid="2" />
                <BranchPoint vc="0" uspid="182" ordinal="6" path="0" offset="198" offsetend="200" sl="182" fileid="2" />
              </BranchPoints>
              <MethodPoint vc="0" uspid="0" p8:type="SequencePoint" ordinal="5" offset="5" sc="0" sl="167" ec="1" el="201" bec="0" bev="0" fileid="2" xmlns:p8="xsi" />
            </Method>
            <Method cyclomaticComplexity="6" nPathComplexity="6" sequenceCoverage="0" branchCoverage="0" isConstructor="False" isGetter="False" isSetter="False" isStatic="True">
              <Summary numSequencePoints="16" visitedSequencePoints="0" numBranchPoints="6" visitedBranchPoints="0" sequenceCoverage="0" branchCoverage="0" maxCyclomaticComplexity="6" minCyclomaticComplexity="6" visitedClasses="0" numClasses="0" visitedMethods="0" numMethods="1" />
              <MetadataToken />
              <Name>System.Boolean DbLib.Database.ConnectionCommands::HasRegister(System.String,System.String,System.Collections.Generic.ICollection`1&lt;DbLib.Database.Parameters&gt;)</Name>
              <FileRef uid="2" />
              <SequencePoints>
                <SequencePoint vc="0" uspid="211" ordinal="0" sl="211" sc="1" el="211" ec="2" bec="0" bev="0" fileid="2" />
                <SequencePoint vc="0" uspid="212" ordinal="1" sl="212" sc="1" el="212" ec="2" bec="2" bev="0" fileid="2" />
                <SequencePoint vc="0" uspid="213" ordinal="2" sl="213" sc="1" el="213" ec="2" bec="0" bev="0" fileid="2" />
                <SequencePoint vc="0" uspid="214" ordinal="3" sl="214" sc="1" el="214" ec="2" bec="0" bev="0" fileid="2" />
                <SequencePoint vc="0" uspid="217" ordinal="4" sl="217" sc="1" el="217" ec="2" bec="0" bev="0" fileid="2" />
                <SequencePoint vc="0" uspid="218" ordinal="5" sl="218" sc="1" el="218" ec="2" bec="0" bev="0" fileid="2" />
                <SequencePoint vc="0" uspid="220" ordinal="6" sl="220" sc="1" el="220" ec="2" bec="0" bev="0" fileid="2" />
                <SequencePoint vc="0" uspid="221" ordinal="7" sl="221" sc="1" el="221" ec="2" bec="4" bev="0" fileid="2" />
                <SequencePoint vc="0" uspid="222" ordinal="8" sl="222" sc="1" el="222" ec="2" bec="0" bev="0" fileid="2" />
                <SequencePoint vc="0" uspid="223" ordinal="9" sl="223" sc="1" el="223" ec="2" bec="0" bev="0" fileid="2" />
                <SequencePoint vc="0" uspid="224" ordinal="10" sl="224" sc="1" el="224" ec="2" bec="0" bev="0" fileid="2" />
                <SequencePoint vc="0" uspid="225" ordinal="11" sl="225" sc="1" el="225" ec="2" bec="0" bev="0" fileid="2" />
                <SequencePoint vc="0" uspid="226" ordinal="12" sl="226" sc="1" el="226" ec="2" bec="0" bev="0" fileid="2" />
                <SequencePoint vc="0" uspid="228" ordinal="13" sl="228" sc="1" el="228" ec="2" bec="0" bev="0" fileid="2" />
                <SequencePoint vc="0" uspid="230" ordinal="14" sl="230" sc="1" el="230" ec="2" bec="0" bev="0" fileid="2" />
                <SequencePoint vc="0" uspid="231" ordinal="15" sl="231" sc="1" el="231" ec="2" bec="0" bev="0" fileid="2" />
              </SequencePoints>
              <BranchPoints>
                <BranchPoint vc="0" uspid="212" ordinal="0" path="0" offset="9" offsetend="11" sl="212" fileid="2" />
                <BranchPoint vc="0" uspid="212" ordinal="1" path="1" offset="9" offsetend="34" sl="212" fileid="2" />
                <BranchPoint vc="0" uspid="221" ordinal="2" path="0" offset="64" offsetend="66" sl="221" fileid="2" />
                <BranchPoint vc="0" uspid="221" ordinal="3" path="1" offset="64" offsetend="74" sl="221" fileid="2" />
                <BranchPoint vc="0" uspid="221" ordinal="4" path="0" offset="79" offsetend="81" sl="221" fileid="2" />
                <BranchPoint vc="0" uspid="221" ordinal="5" path="1" offset="79" offsetend="108" sl="221" fileid="2" />
              </BranchPoints>
              <MethodPoint vc="0" uspid="0" p8:type="SequencePoint" ordinal="6" offset="6" sc="0" sl="211" ec="1" el="231" bec="0" bev="0" fileid="2" xmlns:p8="xsi" />
            </Method>
            <Method cyclomaticComplexity="1" nPathComplexity="1" sequenceCoverage="0" branchCoverage="100" isConstructor="False" isGetter="False" isSetter="False" isStatic="True">
              <Summary numSequencePoints="4" visitedSequencePoints="0" numBranchPoints="0" visitedBranchPoints="0" sequenceCoverage="0" branchCoverage="100" maxCyclomaticComplexity="1" minCyclomaticComplexity="1" visitedClasses="0" numClasses="0" visitedMethods="0" numMethods="1" />
              <MetadataToken />
              <Name>System.Void DbLib.Database.ConnectionCommands::BeginTransaction()</Name>
              <FileRef uid="2" />
              <SequencePoints>
                <SequencePoint vc="0" uspid="237" ordinal="0" sl="237" sc="1" el="237" ec="2" bec="0" bev="0" fileid="2" />
                <SequencePoint vc="0" uspid="238" ordinal="1" sl="238" sc="1" el="238" ec="2" bec="0" bev="0" fileid="2" />
                <SequencePoint vc="0" uspid="239" ordinal="2" sl="239" sc="1" el="239" ec="2" bec="0" bev="0" fileid="2" />
                <SequencePoint vc="0" uspid="240" ordinal="3" sl="240" sc="1" el="240" ec="2" bec="0" bev="0" fileid="2" />
              </SequencePoints>
              <BranchPoints />
              <MethodPoint vc="0" uspid="0" p8:type="SequencePoint" ordinal="7" offset="7" sc="0" sl="237" ec="1" el="240" bec="0" bev="0" fileid="2" xmlns:p8="xsi" />
            </Method>
            <Method cyclomaticComplexity="1" nPathComplexity="1" sequenceCoverage="0" branchCoverage="100" isConstructor="False" isGetter="False" isSetter="False" isStatic="True">
              <Summary numSequencePoints="5" visitedSequencePoints="0" numBranchPoints="0" visitedBranchPoints="0" sequenceCoverage="0" branchCoverage="100" maxCyclomaticComplexity="1" minCyclomaticComplexity="1" visitedClasses="0" numClasses="0" visitedMethods="0" numMethods="1" />
              <MetadataToken />
              <Name>System.Void DbLib.Database.ConnectionCommands::CommitTransaction()</Name>
              <FileRef uid="2" />
              <SequencePoints>
                <SequencePoint vc="0" uspid="246" ordinal="0" sl="246" sc="1" el="246" ec="2" bec="0" bev="0" fileid="2" />
                <SequencePoint vc="0" uspid="247" ordinal="1" sl="247" sc="1" el="247" ec="2" bec="0" bev="0" fileid="2" />
                <SequencePoint vc="0" uspid="249" ordinal="2" sl="249" sc="1" el="249" ec="2" bec="0" bev="0" fileid="2" />
                <SequencePoint vc="0" uspid="250" ordinal="3" sl="250" sc="1" el="250" ec="2" bec="0" bev="0" fileid="2" />
                <SequencePoint vc="0" uspid="251" ordinal="4" sl="251" sc="1" el="251" ec="2" bec="0" bev="0" fileid="2" />
              </SequencePoints>
              <BranchPoints />
              <MethodPoint vc="0" uspid="0" p8:type="SequencePoint" ordinal="8" offset="8" sc="0" sl="246" ec="1" el="251" bec="0" bev="0" fileid="2" xmlns:p8="xsi" />
            </Method>
            <Method cyclomaticComplexity="1" nPathComplexity="1" sequenceCoverage="0" branchCoverage="100" isConstructor="False" isGetter="False" isSetter="False" isStatic="True">
              <Summary numSequencePoints="5" visitedSequencePoints="0" numBranchPoints="0" visitedBranchPoints="0" sequenceCoverage="0" branchCoverage="100" maxCyclomaticComplexity="1" minCyclomaticComplexity="1" visitedClasses="0" numClasses="0" visitedMethods="0" numMethods="1" />
              <MetadataToken />
              <Name>System.Void DbLib.Database.ConnectionCommands::RollbackTransaction()</Name>
              <FileRef uid="2" />
              <SequencePoints>
                <SequencePoint vc="0" uspid="257" ordinal="0" sl="257" sc="1" el="257" ec="2" bec="0" bev="0" fileid="2" />
                <SequencePoint vc="0" uspid="258" ordinal="1" sl="258" sc="1" el="258" ec="2" bec="0" bev="0" fileid="2" />
                <SequencePoint vc="0" uspid="260" ordinal="2" sl="260" sc="1" el="260" ec="2" bec="0" bev="0" fileid="2" />
                <SequencePoint vc="0" uspid="261" ordinal="3" sl="261" sc="1" el="261" ec="2" bec="0" bev="0" fileid="2" />
                <SequencePoint vc="0" uspid="262" ordinal="4" sl="262" sc="1" el="262" ec="2" bec="0" bev="0" fileid="2" />
              </SequencePoints>
              <BranchPoints />
              <MethodPoint vc="0" uspid="0" p8:type="SequencePoint" ordinal="9" offset="9" sc="0" sl="257" ec="1" el="262" bec="0" bev="0" fileid="2" xmlns:p8="xsi" />
            </Method>
            <Method cyclomaticComplexity="2" nPathComplexity="2" sequenceCoverage="0" branchCoverage="0" isConstructor="False" isGetter="False" isSetter="False" isStatic="True">
              <Summary numSequencePoints="7" visitedSequencePoints="0" numBranchPoints="2" visitedBranchPoints="0" sequenceCoverage="0" branchCoverage="0" maxCyclomaticComplexity="2" minCyclomaticComplexity="2" visitedClasses="0" numClasses="0" visitedMethods="0" numMethods="1" />
              <MetadataToken />
              <Name>System.Void DbLib.Database.ConnectionCommands::DisposeTransaction()</Name>
              <FileRef uid="2" />
              <SequencePoints>
                <SequencePoint vc="0" uspid="268" ordinal="0" sl="268" sc="1" el="268" ec="2" bec="0" bev="0" fileid="2" />
                <SequencePoint vc="0" uspid="269" ordinal="1" sl="269" sc="1" el="269" ec="2" bec="2" bev="0" fileid="2" />
                <SequencePoint vc="0" uspid="270" ordinal="2" sl="270" sc="1" el="270" ec="2" bec="0" bev="0" fileid="2" />
                <SequencePoint vc="0" uspid="271" ordinal="3" sl="271" sc="1" el="271" ec="2" bec="0" bev="0" fileid="2" />
                <SequencePoint vc="0" uspid="272" ordinal="4" sl="272" sc="1" el="272" ec="2" bec="0" bev="0" fileid="2" />
                <SequencePoint vc="0" uspid="273" ordinal="5" sl="273" sc="1" el="273" ec="2" bec="0" bev="0" fileid="2" />
                <SequencePoint vc="0" uspid="274" ordinal="6" sl="274" sc="1" el="274" ec="2" bec="0" bev="0" fileid="2" />
              </SequencePoints>
              <BranchPoints>
                <BranchPoint vc="0" uspid="269" ordinal="0" path="0" offset="12" offsetend="14" sl="269" fileid="2" />
                <BranchPoint vc="0" uspid="269" ordinal="1" path="1" offset="12" offsetend="36" sl="269" fileid="2" />
              </BranchPoints>
              <MethodPoint vc="0" uspid="0" p8:type="SequencePoint" ordinal="10" offset="10" sc="0" sl="268" ec="1" el="274" bec="0" bev="0" fileid="2" xmlns:p8="xsi" />
            </Method>
            <Method cyclomaticComplexity="1" nPathComplexity="1" sequenceCoverage="0" branchCoverage="100" isConstructor="False" isGetter="False" isSetter="False" isStatic="True">
              <Summary numSequencePoints="4" visitedSequencePoints="0" numBranchPoints="0" visitedBranchPoints="0" sequenceCoverage="0" branchCoverage="100" maxCyclomaticComplexity="1" minCyclomaticComplexity="1" visitedClasses="0" numClasses="0" visitedMethods="0" numMethods="1" />
              <MetadataToken />
              <Name>System.Void DbLib.Database.ConnectionCommands::Dispose()</Name>
              <FileRef uid="2" />
              <SequencePoints>
                <SequencePoint vc="0" uspid="280" ordinal="0" sl="280" sc="1" el="280" ec="2" bec="0" bev="0" fileid="2" />
                <SequencePoint vc="0" uspid="281" ordinal="1" sl="281" sc="1" el="281" ec="2" bec="0" bev="0" fileid="2" />
                <SequencePoint vc="0" uspid="282" ordinal="2" sl="282" sc="1" el="282" ec="2" bec="0" bev="0" fileid="2" />
                <SequencePoint vc="0" uspid="283" ordinal="3" sl="283" sc="1" el="283" ec="2" bec="0" bev="0" fileid="2" />
              </SequencePoints>
              <BranchPoints />
              <MethodPoint vc="0" uspid="0" p8:type="SequencePoint" ordinal="11" offset="11" sc="0" sl="280" ec="1" el="283" bec="0" bev="0" fileid="2" xmlns:p8="xsi" />
            </Method>
            <Method cyclomaticComplexity="2" nPathComplexity="2" sequenceCoverage="0" branchCoverage="0" isConstructor="False" isGetter="False" isSetter="False" isStatic="True">
              <Summary numSequencePoints="7" visitedSequencePoints="0" numBranchPoints="2" visitedBranchPoints="0" sequenceCoverage="0" branchCoverage="0" maxCyclomaticComplexity="2" minCyclomaticComplexity="2" visitedClasses="0" numClasses="0" visitedMethods="0" numMethods="1" />
              <MetadataToken />
              <Name>System.Void DbLib.Database.ConnectionCommands::Dispose(System.Boolean)</Name>
              <FileRef uid="2" />
              <SequencePoints>
                <SequencePoint vc="0" uspid="290" ordinal="0" sl="290" sc="1" el="290" ec="2" bec="0" bev="0" fileid="2" />
                <SequencePoint vc="0" uspid="291" ordinal="1" sl="291" sc="1" el="291" ec="2" bec="2" bev="0" fileid="2" />
                <SequencePoint vc="0" uspid="292" ordinal="2" sl="292" sc="1" el="292" ec="2" bec="0" bev="0" fileid="2" />
                <SequencePoint vc="0" uspid="293" ordinal="3" sl="293" sc="1" el="293" ec="2" bec="0" bev="0" fileid="2" />
                <SequencePoint vc="0" uspid="294" ordinal="4" sl="294" sc="1" el="294" ec="2" bec="0" bev="0" fileid="2" />
                <SequencePoint vc="0" uspid="295" ordinal="5" sl="295" sc="1" el="295" ec="2" bec="0" bev="0" fileid="2" />
                <SequencePoint vc="0" uspid="296" ordinal="6" sl="296" sc="1" el="296" ec="2" bec="0" bev="0" fileid="2" />
              </SequencePoints>
              <BranchPoints>
                <BranchPoint vc="0" uspid="291" ordinal="0" path="0" offset="12" offsetend="14" sl="291" fileid="2" />
                <BranchPoint vc="0" uspid="291" ordinal="1" path="1" offset="12" offsetend="36" sl="291" fileid="2" />
              </BranchPoints>
              <MethodPoint vc="0" uspid="0" p8:type="SequencePoint" ordinal="12" offset="12" sc="0" sl="290" ec="1" el="296" bec="0" bev="0" fileid="2" xmlns:p8="xsi" />
            </Method>
            <Method cyclomaticComplexity="1" nPathComplexity="1" sequenceCoverage="100" branchCoverage="100" isConstructor="True" isGetter="False" isSetter="False" isStatic="True">
              <Summary numSequencePoints="5" visitedSequencePoints="5" numBranchPoints="0" visitedBranchPoints="0" sequenceCoverage="100" branchCoverage="100" maxCyclomaticComplexity="1" minCyclomaticComplexity="1" visitedClasses="0" numClasses="0" visitedMethods="1" numMethods="1" />
              <MetadataToken />
              <Name>System.Void DbLib.Database.ConnectionCommands::.ctor(System.Data.Common.DbConnection)</Name>
              <FileRef uid="2" />
              <SequencePoints>
                <SequencePoint vc="2" uspid="19" ordinal="0" sl="19" sc="1" el="19" ec="2" bec="0" bev="0" fileid="2" />
                <SequencePoint vc="2" uspid="20" ordinal="1" sl="20" sc="1" el="20" ec="2" bec="0" bev="0" fileid="2" />
                <SequencePoint vc="2" uspid="21" ordinal="2" sl="21" sc="1" el="21" ec="2" bec="0" bev="0" fileid="2" />
                <SequencePoint vc="2" uspid="22" ordinal="3" sl="22" sc="1" el="22" ec="2" bec="0" bev="0" fileid="2" />
                <SequencePoint vc="2" uspid="23" ordinal="4" sl="23" sc="1" el="23" ec="2" bec="0" bev="0" fileid="2" />
              </SequencePoints>
              <BranchPoints />
              <MethodPoint vc="5" uspid="0" p8:type="SequencePoint" ordinal="13" offset="13" sc="0" sl="19" ec="1" el="23" bec="0" bev="0" fileid="2" xmlns:p8="xsi" />
            </Method>
            <Method cyclomaticComplexity="1" nPathComplexity="1" sequenceCoverage="0" branchCoverage="100" isConstructor="True" isGetter="False" isSetter="False" isStatic="True">
              <Summary numSequencePoints="5" visitedSequencePoints="0" numBranchPoints="0" visitedBranchPoints="0" sequenceCoverage="0" branchCoverage="100" maxCyclomaticComplexity="1" minCyclomaticComplexity="1" visitedClasses="0" numClasses="0" visitedMethods="0" numMethods="1" />
              <MetadataToken />
              <Name>System.Void DbLib.Database.ConnectionCommands::.ctor(System.Data.Common.DbConnection,System.Data.Common.DbTransaction)</Name>
              <FileRef uid="2" />
              <SequencePoints>
                <SequencePoint vc="0" uspid="30" ordinal="0" sl="30" sc="1" el="30" ec="2" bec="0" bev="0" fileid="2" />
                <SequencePoint vc="0" uspid="31" ordinal="1" sl="31" sc="1" el="31" ec="2" bec="0" bev="0" fileid="2" />
                <SequencePoint vc="0" uspid="32" ordinal="2" sl="32" sc="1" el="32" ec="2" bec="0" bev="0" fileid="2" />
                <SequencePoint vc="0" uspid="33" ordinal="3" sl="33" sc="1" el="33" ec="2" bec="0" bev="0" fileid="2" />
                <SequencePoint vc="0" uspid="34" ordinal="4" sl="34" sc="1" el="34" ec="2" bec="0" bev="0" fileid="2" />
              </SequencePoints>
              <BranchPoints />
              <MethodPoint vc="0" uspid="0" p8:type="SequencePoint" ordinal="14" offset="14" sc="0" sl="30" ec="1" el="34" bec="0" bev="0" fileid="2" xmlns:p8="xsi" />
            </Method>
          </Methods>
        </Class>
        <Class>
          <Summary numSequencePoints="3" visitedSequencePoints="0" numBranchPoints="0" visitedBranchPoints="0" sequenceCoverage="0" branchCoverage="100" maxCyclomaticComplexity="1" minCyclomaticComplexity="1" visitedClasses="0" numClasses="1" visitedMethods="0" numMethods="1" />
          <FullName>DbLib.Database.ConnectionCommandsFactory</FullName>
          <Methods>
            <Method cyclomaticComplexity="1" nPathComplexity="1" sequenceCoverage="0" branchCoverage="100" isConstructor="True" isGetter="False" isSetter="False" isStatic="True">
              <Summary numSequencePoints="3" visitedSequencePoints="0" numBranchPoints="0" visitedBranchPoints="0" sequenceCoverage="0" branchCoverage="100" maxCyclomaticComplexity="1" minCyclomaticComplexity="1" visitedClasses="0" numClasses="0" visitedMethods="0" numMethods="1" />
              <MetadataToken />
              <Name>DbLib.Database.IConnectionCommands DbLib.Database.ConnectionCommandsFactory::Create()</Name>
              <FileRef uid="3" />
              <SequencePoints>
                <SequencePoint vc="0" uspid="13" ordinal="0" sl="13" sc="1" el="13" ec="2" bec="0" bev="0" fileid="3" />
                <SequencePoint vc="0" uspid="14" ordinal="1" sl="14" sc="1" el="14" ec="2" bec="0" bev="0" fileid="3" />
                <SequencePoint vc="0" uspid="15" ordinal="2" sl="15" sc="1" el="15" ec="2" bec="0" bev="0" fileid="3" />
              </SequencePoints>
              <BranchPoints />
              <MethodPoint vc="0" uspid="0" p8:type="SequencePoint" ordinal="0" offset="0" sc="0" sl="13" ec="1" el="15" bec="0" bev="0" fileid="3" xmlns:p8="xsi" />
            </Method>
          </Methods>
        </Class>
        <Class>
          <Summary numSequencePoints="5" visitedSequencePoints="3" numBranchPoints="0" visitedBranchPoints="0" sequenceCoverage="60" branchCoverage="100" maxCyclomaticComplexity="1" minCyclomaticComplexity="1" visitedClasses="1" numClasses="1" visitedMethods="3" numMethods="5" />
          <FullName>DbLib.Database.Parameters</FullName>
          <Methods>
            <Method cyclomaticComplexity="1" nPathComplexity="1" sequenceCoverage="100" branchCoverage="100" isConstructor="False" isGetter="True" isSetter="False" isStatic="True">
              <Summary numSequencePoints="1" visitedSequencePoints="1" numBranchPoints="0" visitedBranchPoints="0" sequenceCoverage="100" branchCoverage="100" maxCyclomaticComplexity="1" minCyclomaticComplexity="1" visitedClasses="0" numClasses="0" visitedMethods="1" numMethods="1" />
              <MetadataToken />
              <Name>System.String DbLib.Database.Parameters::get_ParameterName()</Name>
              <FileRef uid="4" />
              <SequencePoints>
                <SequencePoint vc="65" uspid="14" ordinal="0" sl="14" sc="1" el="14" ec="2" bec="0" bev="0" fileid="4" />
              </SequencePoints>
              <BranchPoints />
              <MethodPoint vc="1" uspid="0" p8:type="SequencePoint" ordinal="0" offset="0" sc="0" sl="14" ec="1" el="14" bec="0" bev="0" fileid="4" xmlns:p8="xsi" />
            </Method>
            <Method cyclomaticComplexity="1" nPathComplexity="1" sequenceCoverage="100" branchCoverage="100" isConstructor="False" isGetter="True" isSetter="False" isStatic="True">
              <Summary numSequencePoints="1" visitedSequencePoints="1" numBranchPoints="0" visitedBranchPoints="0" sequenceCoverage="100" branchCoverage="100" maxCyclomaticComplexity="1" minCyclomaticComplexity="1" visitedClasses="0" numClasses="0" visitedMethods="1" numMethods="1" />
              <MetadataToken />
              <Name>System.Object DbLib.Database.Parameters::get_Value()</Name>
              <FileRef uid="4" />
              <SequencePoints>
                <SequencePoint vc="65" uspid="20" ordinal="0" sl="20" sc="1" el="20" ec="2" bec="0" bev="0" fileid="4" />
              </SequencePoints>
              <BranchPoints />
              <MethodPoint vc="1" uspid="0" p8:type="SequencePoint" ordinal="1" offset="1" sc="0" sl="20" ec="1" el="20" bec="0" bev="0" fileid="4" xmlns:p8="xsi" />
            </Method>
            <Method cyclomaticComplexity="1" nPathComplexity="1" sequenceCoverage="100" branchCoverage="100" isConstructor="False" isGetter="True" isSetter="False" isStatic="True">
              <Summary numSequencePoints="1" visitedSequencePoints="1" numBranchPoints="0" visitedBranchPoints="0" sequenceCoverage="100" branchCoverage="100" maxCyclomaticComplexity="1" minCyclomaticComplexity="1" visitedClasses="0" numClasses="0" visitedMethods="1" numMethods="1" />
              <MetadataToken />
              <Name>System.Data.DbType DbLib.Database.Parameters::get_DbType()</Name>
              <FileRef uid="4" />
              <SequencePoints>
                <SequencePoint vc="65" uspid="26" ordinal="0" sl="26" sc="1" el="26" ec="2" bec="0" bev="0" fileid="4" />
              </SequencePoints>
              <BranchPoints />
              <MethodPoint vc="1" uspid="0" p8:type="SequencePoint" ordinal="2" offset="2" sc="0" sl="26" ec="1" el="26" bec="0" bev="0" fileid="4" xmlns:p8="xsi" />
            </Method>
            <Method cyclomaticComplexity="1" nPathComplexity="1" sequenceCoverage="0" branchCoverage="100" isConstructor="False" isGetter="True" isSetter="False" isStatic="True">
              <Summary numSequencePoints="1" visitedSequencePoints="0" numBranchPoints="0" visitedBranchPoints="0" sequenceCoverage="0" branchCoverage="100" maxCyclomaticComplexity="1" minCyclomaticComplexity="1" visitedClasses="0" numClasses="0" visitedMethods="0" numMethods="1" />
              <MetadataToken />
              <Name>System.Nullable`1&lt;System.Int32&gt; DbLib.Database.Parameters::get_Size()</Name>
              <FileRef uid="4" />
              <SequencePoints>
                <SequencePoint vc="0" uspid="32" ordinal="0" sl="32" sc="1" el="32" ec="2" bec="0" bev="0" fileid="4" />
              </SequencePoints>
              <BranchPoints />
              <MethodPoint vc="0" uspid="0" p8:type="SequencePoint" ordinal="3" offset="3" sc="0" sl="32" ec="1" el="32" bec="0" bev="0" fileid="4" xmlns:p8="xsi" />
            </Method>
            <Method cyclomaticComplexity="1" nPathComplexity="1" sequenceCoverage="0" branchCoverage="100" isConstructor="False" isGetter="True" isSetter="False" isStatic="True">
              <Summary numSequencePoints="1" visitedSequencePoints="0" numBranchPoints="0" visitedBranchPoints="0" sequenceCoverage="0" branchCoverage="100" maxCyclomaticComplexity="1" minCyclomaticComplexity="1" visitedClasses="0" numClasses="0" visitedMethods="0" numMethods="1" />
              <MetadataToken />
              <Name>System.Data.ParameterDirection DbLib.Database.Parameters::get_ParamDirection()</Name>
              <FileRef uid="4" />
              <SequencePoints>
                <SequencePoint vc="0" uspid="38" ordinal="0" sl="38" sc="1" el="38" ec="2" bec="0" bev="0" fileid="4" />
              </SequencePoints>
              <BranchPoints />
              <MethodPoint vc="0" uspid="0" p8:type="SequencePoint" ordinal="4" offset="4" sc="0" sl="38" ec="1" el="38" bec="0" bev="0" fileid="4" xmlns:p8="xsi" />
            </Method>
          </Methods>
        </Class>
        <Class>
          <Summary numSequencePoints="54" visitedSequencePoints="34" numBranchPoints="14" visitedBranchPoints="7" sequenceCoverage="62.96" branchCoverage="50" maxCyclomaticComplexity="4" minCyclomaticComplexity="1" visitedClasses="1" numClasses="1" visitedMethods="6" numMethods="9" />
          <FullName>DbLib.Database.Connection</FullName>
          <Methods>
            <Method cyclomaticComplexity="1" nPathComplexity="1" sequenceCoverage="100" branchCoverage="100" isConstructor="False" isGetter="True" isSetter="False" isStatic="True">
              <Summary numSequencePoints="1" visitedSequencePoints="1" numBranchPoints="0" visitedBranchPoints="0" sequenceCoverage="100" branchCoverage="100" maxCyclomaticComplexity="1" minCyclomaticComplexity="1" visitedClasses="0" numClasses="0" visitedMethods="1" numMethods="1" />
              <MetadataToken />
              <Name>System.String DbLib.Database.Connection::get_ConnectionString()</Name>
              <FileRef uid="5" />
              <SequencePoints>
                <SequencePoint vc="40" uspid="28" ordinal="0" sl="28" sc="1" el="28" ec="2" bec="0" bev="0" fileid="5" />
              </SequencePoints>
              <BranchPoints />
              <MethodPoint vc="1" uspid="0" p8:type="SequencePoint" ordinal="0" offset="0" sc="0" sl="28" ec="1" el="28" bec="0" bev="0" fileid="5" xmlns:p8="xsi" />
            </Method>
            <Method cyclomaticComplexity="1" nPathComplexity="1" sequenceCoverage="100" branchCoverage="100" isConstructor="False" isGetter="True" isSetter="False" isStatic="True">
              <Summary numSequencePoints="1" visitedSequencePoints="1" numBranchPoints="0" visitedBranchPoints="0" sequenceCoverage="100" branchCoverage="100" maxCyclomaticComplexity="1" minCyclomaticComplexity="1" visitedClasses="0" numClasses="0" visitedMethods="1" numMethods="1" />
              <MetadataToken />
              <Name>DbLib.Enumerators.EnumDatabase DbLib.Database.Connection::get_IdfDatabase()</Name>
              <FileRef uid="5" />
              <SequencePoints>
                <SequencePoint vc="82" uspid="34" ordinal="0" sl="34" sc="1" el="34" ec="2" bec="0" bev="0" fileid="5" />
              </SequencePoints>
              <BranchPoints />
              <MethodPoint vc="1" uspid="0" p8:type="SequencePoint" ordinal="1" offset="1" sc="0" sl="34" ec="1" el="34" bec="0" bev="0" fileid="5" xmlns:p8="xsi" />
            </Method>
            <Method cyclomaticComplexity="1" nPathComplexity="1" sequenceCoverage="100" branchCoverage="100" isConstructor="False" isGetter="True" isSetter="False" isStatic="True">
              <Summary numSequencePoints="3" visitedSequencePoints="3" numBranchPoints="0" visitedBranchPoints="0" sequenceCoverage="100" branchCoverage="100" maxCyclomaticComplexity="1" minCyclomaticComplexity="1" visitedClasses="0" numClasses="0" visitedMethods="1" numMethods="1" />
              <MetadataToken />
              <Name>System.String DbLib.Database.Connection::get_PrefixParam()</Name>
              <FileRef uid="5" />
              <SequencePoints>
                <SequencePoint vc="141" uspid="42" ordinal="0" sl="42" sc="1" el="42" ec="2" bec="0" bev="0" fileid="5" />
                <SequencePoint vc="141" uspid="43" ordinal="1" sl="43" sc="1" el="43" ec="2" bec="0" bev="0" fileid="5" />
                <SequencePoint vc="141" uspid="44" ordinal="2" sl="44" sc="1" el="44" ec="2" bec="0" bev="0" fileid="5" />
              </SequencePoints>
              <BranchPoints />
              <MethodPoint vc="3" uspid="0" p8:type="SequencePoint" ordinal="2" offset="2" sc="0" sl="42" ec="1" el="44" bec="0" bev="0" fileid="5" xmlns:p8="xsi" />
            </Method>
            <Method cyclomaticComplexity="1" nPathComplexity="1" sequenceCoverage="0" branchCoverage="100" isConstructor="False" isGetter="False" isSetter="True" isStatic="True">
              <Summary numSequencePoints="3" visitedSequencePoints="0" numBranchPoints="0" visitedBranchPoints="0" sequenceCoverage="0" branchCoverage="100" maxCyclomaticComplexity="1" minCyclomaticComplexity="1" visitedClasses="0" numClasses="0" visitedMethods="0" numMethods="1" />
              <MetadataToken />
              <Name>System.Void DbLib.Database.Connection::set_PrefixParam(System.String)</Name>
              <FileRef uid="5" />
              <SequencePoints>
                <SequencePoint vc="0" uspid="46" ordinal="0" sl="46" sc="1" el="46" ec="2" bec="0" bev="0" fileid="5" />
                <SequencePoint vc="0" uspid="47" ordinal="1" sl="47" sc="1" el="47" ec="2" bec="0" bev="0" fileid="5" />
                <SequencePoint vc="0" uspid="48" ordinal="2" sl="48" sc="1" el="48" ec="2" bec="0" bev="0" fileid="5" />
              </SequencePoints>
              <BranchPoints />
              <MethodPoint vc="0" uspid="0" p8:type="SequencePoint" ordinal="3" offset="3" sc="0" sl="46" ec="1" el="48" bec="0" bev="0" fileid="5" xmlns:p8="xsi" />
            </Method>
            <Method cyclomaticComplexity="4" nPathComplexity="4" sequenceCoverage="77.77" branchCoverage="50" isConstructor="False" isGetter="True" isSetter="False" isStatic="True">
              <Summary numSequencePoints="18" visitedSequencePoints="14" numBranchPoints="4" visitedBranchPoints="2" sequenceCoverage="77.77" branchCoverage="50" maxCyclomaticComplexity="4" minCyclomaticComplexity="4" visitedClasses="0" numClasses="0" visitedMethods="1" numMethods="1" />
              <MetadataToken />
              <Name>System.Data.Common.DbConnection DbLib.Database.Connection::get_Conn()</Name>
              <FileRef uid="5" />
              <SequencePoints>
                <SequencePoint vc="21" uspid="58" ordinal="0" sl="58" sc="1" el="58" ec="2" bec="0" bev="0" fileid="5" />
                <SequencePoint vc="21" uspid="59" ordinal="1" sl="59" sc="1" el="59" ec="2" bec="2" bev="2" fileid="5" />
                <SequencePoint vc="21" uspid="60" ordinal="2" sl="60" sc="1" el="60" ec="2" bec="0" bev="0" fileid="5" />
                <SequencePoint vc="21" uspid="61" ordinal="3" sl="61" sc="1" el="61" ec="2" bec="0" bev="0" fileid="5" />
                <SequencePoint vc="21" uspid="62" ordinal="4" sl="62" sc="1" el="62" ec="2" bec="0" bev="0" fileid="5" />
                <SequencePoint vc="21" uspid="63" ordinal="5" sl="63" sc="1" el="63" ec="2" bec="0" bev="0" fileid="5" />
                <SequencePoint vc="21" uspid="66" ordinal="6" sl="66" sc="1" el="66" ec="2" bec="0" bev="0" fileid="5" />
                <SequencePoint vc="21" uspid="67" ordinal="7" sl="67" sc="1" el="67" ec="2" bec="2" bev="0" fileid="5" />
                <SequencePoint vc="0" uspid="68" ordinal="8" sl="68" sc="1" el="68" ec="2" bec="0" bev="0" fileid="5" />
                <SequencePoint vc="0" uspid="69" ordinal="9" sl="69" sc="1" el="69" ec="2" bec="0" bev="0" fileid="5" />
                <SequencePoint vc="0" uspid="70" ordinal="10" sl="70" sc="1" el="70" ec="2" bec="0" bev="0" fileid="5" />
                <SequencePoint vc="0" uspid="71" ordinal="11" sl="71" sc="1" el="71" ec="2" bec="0" bev="0" fileid="5" />
                <SequencePoint vc="21" uspid="72" ordinal="12" sl="72" sc="1" el="72" ec="2" bec="0" bev="0" fileid="5" />
                <SequencePoint vc="21" uspid="73" ordinal="13" sl="73" sc="1" el="73" ec="2" bec="0" bev="0" fileid="5" />
                <SequencePoint vc="21" uspid="74" ordinal="14" sl="74" sc="1" el="74" ec="2" bec="0" bev="0" fileid="5" />
                <SequencePoint vc="21" uspid="75" ordinal="15" sl="75" sc="1" el="75" ec="2" bec="0" bev="0" fileid="5" />
                <SequencePoint vc="21" uspid="77" ordinal="16" sl="77" sc="1" el="77" ec="2" bec="0" bev="0" fileid="5" />
                <SequencePoint vc="21" uspid="78" ordinal="17" sl="78" sc="1" el="78" ec="2" bec="0" bev="0" fileid="5" />
              </SequencePoints>
              <BranchPoints>
                <BranchPoint vc="21" uspid="59" ordinal="0" path="0" offset="11" offsetend="13" sl="59" fileid="5" />
                <BranchPoint vc="21" uspid="59" ordinal="1" path="1" offset="11" offsetend="41" sl="59" fileid="5" />
                <BranchPoint vc="0" uspid="67" ordinal="2" path="0" offset="58" offsetend="60" sl="67" fileid="5" />
                <BranchPoint vc="0" uspid="67" ordinal="3" path="1" offset="58" offsetend="73" sl="67" fileid="5" />
              </BranchPoints>
              <MethodPoint vc="14" uspid="0" p8:type="SequencePoint" ordinal="4" offset="4" sc="0" sl="58" ec="1" el="78" bec="0" bev="0" fileid="5" xmlns:p8="xsi" />
            </Method>
            <Method cyclomaticComplexity="1" nPathComplexity="1" sequenceCoverage="0" branchCoverage="100" isConstructor="False" isGetter="True" isSetter="False" isStatic="True">
              <Summary numSequencePoints="1" visitedSequencePoints="0" numBranchPoints="0" visitedBranchPoints="0" sequenceCoverage="0" branchCoverage="100" maxCyclomaticComplexity="1" minCyclomaticComplexity="1" visitedClasses="0" numClasses="0" visitedMethods="0" numMethods="1" />
              <MetadataToken />
              <Name>System.Data.Common.DbTransaction DbLib.Database.Connection::get_Transaction()</Name>
              <FileRef uid="5" />
              <SequencePoints>
                <SequencePoint vc="0" uspid="85" ordinal="0" sl="85" sc="1" el="85" ec="2" bec="0" bev="0" fileid="5" />
              </SequencePoints>
              <BranchPoints />
              <MethodPoint vc="0" uspid="0" p8:type="SequencePoint" ordinal="5" offset="5" sc="0" sl="85" ec="1" el="85" bec="0" bev="0" fileid="5" xmlns:p8="xsi" />
            </Method>
            <Method cyclomaticComplexity="4" nPathComplexity="4" sequenceCoverage="70" branchCoverage="75" isConstructor="True" isGetter="False" isSetter="False" isStatic="True">
              <Summary numSequencePoints="10" visitedSequencePoints="7" numBranchPoints="4" visitedBranchPoints="3" sequenceCoverage="70" branchCoverage="75" maxCyclomaticComplexity="4" minCyclomaticComplexity="4" visitedClasses="0" numClasses="0" visitedMethods="1" numMethods="1" />
              <MetadataToken />
              <Name>System.Void DbLib.Database.Connection::ConnectionFactory()</Name>
              <FileRef uid="5" />
              <SequencePoints>
                <SequencePoint vc="21" uspid="91" ordinal="0" sl="91" sc="1" el="91" ec="2" bec="0" bev="0" fileid="5" />
                <SequencePoint vc="21" uspid="92" ordinal="1" sl="92" sc="1" el="92" ec="2" bec="2" bev="1" fileid="5" />
                <SequencePoint vc="0" uspid="93" ordinal="2" sl="93" sc="1" el="93" ec="2" bec="0" bev="0" fileid="5" />
                <SequencePoint vc="0" uspid="94" ordinal="3" sl="94" sc="1" el="94" ec="2" bec="0" bev="0" fileid="5" />
                <SequencePoint vc="0" uspid="95" ordinal="4" sl="95" sc="1" el="95" ec="2" bec="0" bev="0" fileid="5" />
                <SequencePoint vc="21" uspid="96" ordinal="5" sl="96" sc="1" el="96" ec="2" bec="2" bev="2" fileid="5" />
                <SequencePoint vc="21" uspid="97" ordinal="6" sl="97" sc="1" el="97" ec="2" bec="0" bev="0" fileid="5" />
                <SequencePoint vc="21" uspid="98" ordinal="7" sl="98" sc="1" el="98" ec="2" bec="0" bev="0" fileid="5" />
                <SequencePoint vc="21" uspid="99" ordinal="8" sl="99" sc="1" el="99" ec="2" bec="0" bev="0" fileid="5" />
                <SequencePoint vc="21" uspid="100" ordinal="9" sl="100" sc="1" el="100" ec="2" bec="0" bev="0" fileid="5" />
              </SequencePoints>
              <BranchPoints>
                <BranchPoint vc="0" uspid="92" ordinal="0" path="0" offset="11" offsetend="13" sl="92" fileid="5" />
                <BranchPoint vc="21" uspid="92" ordinal="1" path="1" offset="11" offsetend="27" sl="92" fileid="5" />
                <BranchPoint vc="21" uspid="96" ordinal="2" path="0" offset="37" offsetend="39" sl="96" fileid="5" />
                <BranchPoint vc="21" uspid="96" ordinal="3" path="1" offset="37" offsetend="51" sl="96" fileid="5" />
              </BranchPoints>
              <MethodPoint vc="7" uspid="0" p8:type="SequencePoint" ordinal="6" offset="6" sc="0" sl="91" ec="1" el="100" bec="0" bev="0" fileid="5" xmlns:p8="xsi" />
            </Method>
            <Method cyclomaticComplexity="4" nPathComplexity="4" sequenceCoverage="80" branchCoverage="50" isConstructor="False" isGetter="False" isSetter="False" isStatic="True">
              <Summary numSequencePoints="10" visitedSequencePoints="8" numBranchPoints="4" visitedBranchPoints="2" sequenceCoverage="80" branchCoverage="50" maxCyclomaticComplexity="4" minCyclomaticComplexity="4" visitedClasses="0" numClasses="0" visitedMethods="1" numMethods="1" />
              <MetadataToken />
              <Name>System.Boolean DbLib.Database.Connection::LoadConnection(System.String,DbLib.Enumerators.EnumDatabase)</Name>
              <FileRef uid="5" />
              <SequencePoints>
                <SequencePoint vc="19" uspid="109" ordinal="0" sl="109" sc="1" el="109" ec="2" bec="0" bev="0" fileid="5" />
                <SequencePoint vc="19" uspid="110" ordinal="1" sl="110" sc="1" el="110" ec="2" bec="4" bev="2" fileid="5" />
                <SequencePoint vc="19" uspid="111" ordinal="2" sl="111" sc="1" el="111" ec="2" bec="0" bev="0" fileid="5" />
                <SequencePoint vc="19" uspid="112" ordinal="3" sl="112" sc="1" el="112" ec="2" bec="0" bev="0" fileid="5" />
                <SequencePoint vc="19" uspid="113" ordinal="4" sl="113" sc="1" el="113" ec="2" bec="0" bev="0" fileid="5" />
                <SequencePoint vc="19" uspid="114" ordinal="5" sl="114" sc="1" el="114" ec="2" bec="0" bev="0" fileid="5" />
                <SequencePoint vc="0" uspid="116" ordinal="6" sl="116" sc="1" el="116" ec="2" bec="0" bev="0" fileid="5" />
                <SequencePoint vc="0" uspid="117" ordinal="7" sl="117" sc="1" el="117" ec="2" bec="0" bev="0" fileid="5" />
                <SequencePoint vc="19" uspid="120" ordinal="8" sl="120" sc="1" el="120" ec="2" bec="0" bev="0" fileid="5" />
                <SequencePoint vc="19" uspid="121" ordinal="9" sl="121" sc="1" el="121" ec="2" bec="0" bev="0" fileid="5" />
              </SequencePoints>
              <BranchPoints>
                <BranchPoint vc="19" uspid="110" ordinal="0" path="0" offset="7" offsetend="9" sl="110" fileid="5" />
                <BranchPoint vc="0" uspid="110" ordinal="1" path="1" offset="7" offsetend="18" sl="110" fileid="5" />
                <BranchPoint vc="19" uspid="110" ordinal="2" path="0" offset="21" offsetend="23" sl="110" fileid="5" />
                <BranchPoint vc="0" uspid="110" ordinal="3" path="1" offset="21" offsetend="41" sl="110" fileid="5" />
              </BranchPoints>
              <MethodPoint vc="8" uspid="0" p8:type="SequencePoint" ordinal="7" offset="7" sc="0" sl="109" ec="1" el="121" bec="0" bev="0" fileid="5" xmlns:p8="xsi" />
            </Method>
            <Method cyclomaticComplexity="2" nPathComplexity="2" sequenceCoverage="0" branchCoverage="0" isConstructor="False" isGetter="False" isSetter="False" isStatic="True">
              <Summary numSequencePoints="7" visitedSequencePoints="0" numBranchPoints="2" visitedBranchPoints="0" sequenceCoverage="0" branchCoverage="0" maxCyclomaticComplexity="2" minCyclomaticComplexity="2" visitedClasses="0" numClasses="0" visitedMethods="0" numMethods="1" />
              <MetadataToken />
              <Name>System.Void DbLib.Database.Connection::DisposeTransaction()</Name>
              <FileRef uid="5" />
              <SequencePoints>
                <SequencePoint vc="0" uspid="127" ordinal="0" sl="127" sc="1" el="127" ec="2" bec="0" bev="0" fileid="5" />
                <SequencePoint vc="0" uspid="128" ordinal="1" sl="128" sc="1" el="128" ec="2" bec="2" bev="0" fileid="5" />
                <SequencePoint vc="0" uspid="129" ordinal="2" sl="129" sc="1" el="129" ec="2" bec="0" bev="0" fileid="5" />
                <SequencePoint vc="0" uspid="130" ordinal="3" sl="130" sc="1" el="130" ec="2" bec="0" bev="0" fileid="5" />
                <SequencePoint vc="0" uspid="131" ordinal="4" sl="131" sc="1" el="131" ec="2" bec="0" bev="0" fileid="5" />
                <SequencePoint vc="0" uspid="132" ordinal="5" sl="132" sc="1" el="132" ec="2" bec="0" bev="0" fileid="5" />
                <SequencePoint vc="0" uspid="133" ordinal="6" sl="133" sc="1" el="133" ec="2" bec="0" bev="0" fileid="5" />
              </SequencePoints>
              <BranchPoints>
                <BranchPoint vc="0" uspid="128" ordinal="0" path="0" offset="11" offsetend="13" sl="128" fileid="5" />
                <BranchPoint vc="0" uspid="128" ordinal="1" path="1" offset="11" offsetend="33" sl="128" fileid="5" />
              </BranchPoints>
              <MethodPoint vc="0" uspid="0" p8:type="SequencePoint" ordinal="8" offset="8" sc="0" sl="127" ec="1" el="133" bec="0" bev="0" fileid="5" xmlns:p8="xsi" />
            </Method>
          </Methods>
        </Class>
        <Class>
          <Summary numSequencePoints="12" visitedSequencePoints="10" numBranchPoints="4" visitedBranchPoints="2" sequenceCoverage="83.33" branchCoverage="50" maxCyclomaticComplexity="4" minCyclomaticComplexity="4" visitedClasses="1" numClasses="1" visitedMethods="1" numMethods="1" />
          <FullName>DbLib.Database.DatabaseConnectionString</FullName>
          <Methods>
            <Method cyclomaticComplexity="4" nPathComplexity="4" sequenceCoverage="83.33" branchCoverage="50" isConstructor="False" isGetter="False" isSetter="False" isStatic="True">
              <Summary numSequencePoints="12" visitedSequencePoints="10" numBranchPoints="4" visitedBranchPoints="2" sequenceCoverage="83.33" branchCoverage="50" maxCyclomaticComplexity="4" minCyclomaticComplexity="4" visitedClasses="0" numClasses="0" visitedMethods="1" numMethods="1" />
              <MetadataToken />
              <Name>System.Boolean DbLib.Database.DatabaseConnectionString::IsValidDatabaseModel(DbLib.Models.Credentials)</Name>
              <FileRef uid="6" />
              <SequencePoints>
                <SequencePoint vc="4" uspid="16" ordinal="0" sl="16" sc="1" el="16" ec="2" bec="0" bev="0" fileid="6" />
                <SequencePoint vc="4" uspid="17" ordinal="1" sl="17" sc="1" el="17" ec="2" bec="2" bev="1" fileid="6" />
                <SequencePoint vc="0" uspid="18" ordinal="2" sl="18" sc="1" el="18" ec="2" bec="0" bev="0" fileid="6" />
                <SequencePoint vc="0" uspid="19" ordinal="3" sl="19" sc="1" el="19" ec="2" bec="0" bev="0" fileid="6" />
                <SequencePoint vc="4" uspid="22" ordinal="4" sl="22" sc="1" el="22" ec="2" bec="0" bev="0" fileid="6" />
                <SequencePoint vc="4" uspid="23" ordinal="5" sl="23" sc="1" el="23" ec="2" bec="0" bev="0" fileid="6" />
                <SequencePoint vc="4" uspid="24" ordinal="6" sl="24" sc="1" el="24" ec="2" bec="0" bev="0" fileid="6" />
                <SequencePoint vc="4" uspid="25" ordinal="7" sl="25" sc="1" el="25" ec="2" bec="0" bev="0" fileid="6" />
                <SequencePoint vc="4" uspid="26" ordinal="8" sl="26" sc="1" el="26" ec="2" bec="0" bev="0" fileid="6" />
                <SequencePoint vc="4" uspid="27" ordinal="9" sl="27" sc="1" el="27" ec="2" bec="0" bev="0" fileid="6" />
                <SequencePoint vc="4" uspid="29" ordinal="10" sl="29" sc="1" el="29" ec="2" bec="2" bev="1" fileid="6" />
                <SequencePoint vc="4" uspid="30" ordinal="11" sl="30" sc="1" el="30" ec="2" bec="0" bev="0" fileid="6" />
              </SequencePoints>
              <BranchPoints>
                <BranchPoint vc="0" uspid="17" ordinal="0" path="0" offset="7" offsetend="9" sl="17" fileid="6" />
                <BranchPoint vc="4" uspid="17" ordinal="1" path="1" offset="7" offsetend="14" sl="17" fileid="6" />
                <BranchPoint vc="4" uspid="29" ordinal="2" path="0" offset="96" offsetend="98" sl="29" fileid="6" />
                <BranchPoint vc="0" uspid="29" ordinal="3" path="1" offset="96" offsetend="110" sl="29" fileid="6" />
              </BranchPoints>
              <MethodPoint vc="10" uspid="0" p8:type="SequencePoint" ordinal="0" offset="0" sc="0" sl="16" ec="1" el="30" bec="0" bev="0" fileid="6" xmlns:p8="xsi" />
            </Method>
          </Methods>
        </Class>
        <Class>
          <Summary numSequencePoints="8" visitedSequencePoints="0" numBranchPoints="6" visitedBranchPoints="0" sequenceCoverage="0" branchCoverage="0" maxCyclomaticComplexity="4" minCyclomaticComplexity="2" visitedClasses="0" numClasses="1" visitedMethods="0" numMethods="2" />
          <FullName>DbLib.Database.OracleConnectionString</FullName>
          <Methods>
            <Method cyclomaticComplexity="2" nPathComplexity="2" sequenceCoverage="0" branchCoverage="0" isConstructor="False" isGetter="False" isSetter="False" isStatic="True">
              <Summary numSequencePoints="5" visitedSequencePoints="0" numBranchPoints="2" visitedBranchPoints="0" sequenceCoverage="0" branchCoverage="0" maxCyclomaticComplexity="2" minCyclomaticComplexity="2" visitedClasses="0" numClasses="0" visitedMethods="0" numMethods="1" />
              <MetadataToken />
              <Name>System.String DbLib.Database.OracleConnectionString::CreateStringConnection(DbLib.Models.Credentials)</Name>
              <FileRef uid="7" />
              <SequencePoints>
                <SequencePoint vc="0" uspid="16" ordinal="0" sl="16" sc="1" el="16" ec="2" bec="0" bev="0" fileid="7" />
                <SequencePoint vc="0" uspid="17" ordinal="1" sl="17" sc="1" el="17" ec="2" bec="2" bev="0" fileid="7" />
                <SequencePoint vc="0" uspid="18" ordinal="2" sl="18" sc="1" el="18" ec="2" bec="0" bev="0" fileid="7" />
                <SequencePoint vc="0" uspid="19" ordinal="3" sl="19" sc="1" el="19" ec="2" bec="0" bev="0" fileid="7" />
                <SequencePoint vc="0" uspid="20" ordinal="4" sl="20" sc="1" el="20" ec="2" bec="0" bev="0" fileid="7" />
              </SequencePoints>
              <BranchPoints>
                <BranchPoint vc="0" uspid="17" ordinal="0" path="0" offset="8" offsetend="10" sl="17" fileid="7" />
                <BranchPoint vc="0" uspid="17" ordinal="1" path="1" offset="8" offsetend="17" sl="17" fileid="7" />
              </BranchPoints>
              <MethodPoint vc="0" uspid="0" p8:type="SequencePoint" ordinal="0" offset="0" sc="0" sl="16" ec="1" el="20" bec="0" bev="0" fileid="7" xmlns:p8="xsi" />
            </Method>
            <Method cyclomaticComplexity="4" nPathComplexity="4" sequenceCoverage="0" branchCoverage="0" isConstructor="False" isGetter="False" isSetter="False" isStatic="True">
              <Summary numSequencePoints="3" visitedSequencePoints="0" numBranchPoints="4" visitedBranchPoints="0" sequenceCoverage="0" branchCoverage="0" maxCyclomaticComplexity="4" minCyclomaticComplexity="4" visitedClasses="0" numClasses="0" visitedMethods="0" numMethods="1" />
              <MetadataToken />
              <Name>System.Boolean DbLib.Database.OracleConnectionString::ValidateProperties(DbLib.Models.Credentials)</Name>
              <FileRef uid="7" />
              <SequencePoints>
                <SequencePoint vc="0" uspid="28" ordinal="0" sl="28" sc="1" el="28" ec="2" bec="0" bev="0" fileid="7" />
                <SequencePoint vc="0" uspid="29" ordinal="1" sl="29" sc="1" el="29" ec="2" bec="4" bev="0" fileid="7" />
                <SequencePoint vc="0" uspid="30" ordinal="2" sl="30" sc="1" el="30" ec="2" bec="0" bev="0" fileid="7" />
              </SequencePoints>
              <BranchPoints>
                <BranchPoint vc="0" uspid="29" ordinal="0" path="0" offset="2" offsetend="4" sl="29" fileid="7" />
                <BranchPoint vc="0" uspid="29" ordinal="2" path="0" offset="15" offsetend="17" sl="29" fileid="7" />
                <BranchPoint vc="0" uspid="29" ordinal="1" path="1" offset="2" offsetend="25" sl="29" fileid="7" />
                <BranchPoint vc="0" uspid="29" ordinal="3" path="1" offset="15" offsetend="25" sl="29" fileid="7" />
              </BranchPoints>
              <MethodPoint vc="0" uspid="0" p8:type="SequencePoint" ordinal="1" offset="1" sc="0" sl="28" ec="1" el="30" bec="0" bev="0" fileid="7" xmlns:p8="xsi" />
            </Method>
          </Methods>
        </Class>
        <Class>
          <Summary numSequencePoints="11" visitedSequencePoints="11" numBranchPoints="4" visitedBranchPoints="3" sequenceCoverage="100" branchCoverage="75" maxCyclomaticComplexity="2" minCyclomaticComplexity="2" visitedClasses="1" numClasses="1" visitedMethods="2" numMethods="2" />
          <FullName>DbLib.Database.SqlServerConnectionString</FullName>
          <Methods>
            <Method cyclomaticComplexity="2" nPathComplexity="2" sequenceCoverage="100" branchCoverage="50" isConstructor="False" isGetter="False" isSetter="False" isStatic="True">
              <Summary numSequencePoints="8" visitedSequencePoints="8" numBranchPoints="2" visitedBranchPoints="1" sequenceCoverage="100" branchCoverage="50" maxCyclomaticComplexity="2" minCyclomaticComplexity="2" visitedClasses="0" numClasses="0" visitedMethods="1" numMethods="1" />
              <MetadataToken />
              <Name>System.String DbLib.Database.SqlServerConnectionString::CreateStringConnection(DbLib.Models.Credentials)</Name>
              <FileRef uid="8" />
              <SequencePoints>
                <SequencePoint vc="2" uspid="16" ordinal="0" sl="16" sc="1" el="16" ec="2" bec="0" bev="0" fileid="8" />
                <SequencePoint vc="2" uspid="17" ordinal="1" sl="17" sc="1" el="17" ec="2" bec="2" bev="1" fileid="8" />
                <SequencePoint vc="2" uspid="18" ordinal="2" sl="18" sc="1" el="18" ec="2" bec="0" bev="0" fileid="8" />
                <SequencePoint vc="2" uspid="19" ordinal="3" sl="19" sc="1" el="19" ec="2" bec="0" bev="0" fileid="8" />
                <SequencePoint vc="2" uspid="20" ordinal="4" sl="20" sc="1" el="20" ec="2" bec="0" bev="0" fileid="8" />
[...]
                <SequencePoint vc="3" uspid="74" ordinal="28" sl="74" sc="1" el="74" ec="2" bec="0" bev="0" fileid="30" />
                <SequencePoint vc="3" uspid="75" ordinal="29" sl="75" sc="1" el="75" ec="2" bec="0" bev="0" fileid="30" />
                <SequencePoint vc="3" uspid="76" ordinal="30" sl="76" sc="1" el="76" ec="2" bec="0" bev="0" fileid="30" />
                <SequencePoint vc="3" uspid="77" ordinal="31" sl="77" sc="1" el="77" ec="2" bec="0" bev="0" fileid="30" />
                <SequencePoint vc="3" uspid="78" ordinal="32" sl="78" sc="1" el="78" ec="2" bec="0" bev="0" fileid="30" />
                <SequencePoint vc="3" uspid="80" ordinal="33" sl="80" sc="1" el="80" ec="2" bec="2" bev="2" fileid="30" />
                <SequencePoint vc="1" uspid="81" ordinal="34" sl="81" sc="1" el="81" ec="2" bec="0" bev="0" fileid="30" />
                <SequencePoint vc="1" uspid="82" ordinal="35" sl="82" sc="1" el="82" ec="2" bec="0" bev="0" fileid="30" />
                <SequencePoint vc="1" uspid="83" ordinal="36" sl="83" sc="1" el="83" ec="2" bec="0" bev="0" fileid="30" />
                <SequencePoint vc="2" uspid="85" ordinal="37" sl="85" sc="1" el="85" ec="2" bec="0" bev="0" fileid="30" />
                <SequencePoint vc="1" uspid="86" ordinal="38" sl="86" sc="1" el="86" ec="2" bec="0" bev="0" fileid="30" />
                <SequencePoint vc="1" uspid="87" ordinal="39" sl="87" sc="1" el="87" ec="2" bec="0" bev="0" fileid="30" />
                <SequencePoint vc="1" uspid="88" ordinal="40" sl="88" sc="1" el="88" ec="2" bec="0" bev="0" fileid="30" />
                <SequencePoint vc="1" uspid="89" ordinal="41" sl="89" sc="1" el="89" ec="2" bec="0" bev="0" fileid="30" />
                <SequencePoint vc="1" uspid="90" ordinal="42" sl="90" sc="1" el="90" ec="2" bec="0" bev="0" fileid="30" />
                <SequencePoint vc="1" uspid="93" ordinal="43" sl="93" sc="1" el="93" ec="2" bec="0" bev="0" fileid="30" />
                <SequencePoint vc="4" uspid="94" ordinal="44" sl="94" sc="1" el="94" ec="2" bec="0" bev="0" fileid="30" />
              </SequencePoints>
              <BranchPoints>
                <BranchPoint vc="1" uspid="39" ordinal="0" path="0" offset="7" offsetend="9" sl="39" fileid="30" />
                <BranchPoint vc="3" uspid="39" ordinal="1" path="1" offset="7" offsetend="28" sl="39" fileid="30" />
                <BranchPoint vc="5" uspid="47" ordinal="7" path="1" offset="1323" offsetend="63" sl="47" fileid="30" />
                <BranchPoint vc="1" uspid="57" ordinal="2" path="0" offset="235" offsetend="237" sl="57" fileid="30" />
                <BranchPoint vc="3" uspid="57" ordinal="3" path="1" offset="235" offsetend="254" sl="57" fileid="30" />
                <BranchPoint vc="1" uspid="80" ordinal="4" path="0" offset="1297" offsetend="1299" sl="80" fileid="30" />
                <BranchPoint vc="2" uspid="80" ordinal="5" path="1" offset="1297" offsetend="1315" sl="80" fileid="30" />
                <BranchPoint vc="1" uspid="47" ordinal="6" path="0" offset="1323" offsetend="1328" sl="47" fileid="30" />
              </BranchPoints>
              <MethodPoint vc="45" uspid="0" p8:type="SequencePoint" ordinal="0" offset="0" sc="0" sl="38" ec="1" el="94" bec="0" bev="0" fileid="30" xmlns:p8="xsi" />
            </Method>
            <Method cyclomaticComplexity="1" nPathComplexity="1" sequenceCoverage="100" branchCoverage="100" isConstructor="True" isGetter="False" isSetter="False" isStatic="True">
              <Summary numSequencePoints="4" visitedSequencePoints="4" numBranchPoints="0" visitedBranchPoints="0" sequenceCoverage="100" branchCoverage="100" maxCyclomaticComplexity="1" minCyclomaticComplexity="1" visitedClasses="0" numClasses="0" visitedMethods="1" numMethods="1" />
              <MetadataToken />
              <Name>System.Void InvoiceApi.Data.SalesRepository::.ctor()</Name>
              <FileRef uid="30" />
              <SequencePoints>
                <SequencePoint vc="1" uspid="18" ordinal="0" sl="18" sc="1" el="18" ec="2" bec="0" bev="0" fileid="30" />
                <SequencePoint vc="1" uspid="19" ordinal="1" sl="19" sc="1" el="19" ec="2" bec="0" bev="0" fileid="30" />
                <SequencePoint vc="1" uspid="20" ordinal="2" sl="20" sc="1" el="20" ec="2" bec="0" bev="0" fileid="30" />
                <SequencePoint vc="1" uspid="21" ordinal="3" sl="21" sc="1" el="21" ec="2" bec="0" bev="0" fileid="30" />
              </SequencePoints>
              <BranchPoints />
              <MethodPoint vc="4" uspid="0" p8:type="SequencePoint" ordinal="1" offset="1" sc="0" sl="18" ec="1" el="21" bec="0" bev="0" fileid="30" xmlns:p8="xsi" />
            </Method>
            <Method cyclomaticComplexity="1" nPathComplexity="1" sequenceCoverage="100" branchCoverage="100" isConstructor="True" isGetter="False" isSetter="False" isStatic="True">
              <Summary numSequencePoints="4" visitedSequencePoints="4" numBranchPoints="0" visitedBranchPoints="0" sequenceCoverage="100" branchCoverage="100" maxCyclomaticComplexity="1" minCyclomaticComplexity="1" visitedClasses="0" numClasses="0" visitedMethods="1" numMethods="1" />
              <MetadataToken />
              <Name>System.Void InvoiceApi.Data.SalesRepository::.ctor(DbLib.Database.IConnectionCommands)</Name>
              <FileRef uid="30" />
              <SequencePoints>
                <SequencePoint vc="3" uspid="27" ordinal="0" sl="27" sc="1" el="27" ec="2" bec="0" bev="0" fileid="30" />
                <SequencePoint vc="3" uspid="28" ordinal="1" sl="28" sc="1" el="28" ec="2" bec="0" bev="0" fileid="30" />
                <SequencePoint vc="3" uspid="29" ordinal="2" sl="29" sc="1" el="29" ec="2" bec="0" bev="0" fileid="30" />
                <SequencePoint vc="3" uspid="30" ordinal="3" sl="30" sc="1" el="30" ec="2" bec="0" bev="0" fileid="30" />
              </SequencePoints>
              <BranchPoints />
              <MethodPoint vc="4" uspid="0" p8:type="SequencePoint" ordinal="2" offset="2" sc="0" sl="27" ec="1" el="30" bec="0" bev="0" fileid="30" xmlns:p8="xsi" />
            </Method>
          </Methods>
        </Class>
        <Class>
          <Summary numSequencePoints="42" visitedSequencePoints="20" numBranchPoints="6" visitedBranchPoints="2" sequenceCoverage="47.61" branchCoverage="33.33" maxCyclomaticComplexity="4" minCyclomaticComplexity="1" visitedClasses="1" numClasses="1" visitedMethods="2" numMethods="4" />
          <FullName>InvoiceApi.Data.VendorData</FullName>
          <Methods>
            <Method cyclomaticComplexity="2" nPathComplexity="2" sequenceCoverage="0" branchCoverage="0" isConstructor="False" isGetter="True" isSetter="False" isStatic="True">
              <Summary numSequencePoints="8" visitedSequencePoints="0" numBranchPoints="2" visitedBranchPoints="0" sequenceCoverage="0" branchCoverage="0" maxCyclomaticComplexity="2" minCyclomaticComplexity="2" visitedClasses="0" numClasses="0" visitedMethods="0" numMethods="1" />
              <MetadataToken />
              <Name>System.String InvoiceApi.Data.VendorData::get_VendorUrl()</Name>
              <FileRef uid="31" />
              <SequencePoints>
                <SequencePoint vc="0" uspid="42" ordinal="0" sl="42" sc="1" el="42" ec="2" bec="0" bev="0" fileid="31" />
                <SequencePoint vc="0" uspid="44" ordinal="1" sl="44" sc="1" el="44" ec="2" bec="0" bev="0" fileid="31" />
                <SequencePoint vc="0" uspid="45" ordinal="2" sl="45" sc="1" el="45" ec="2" bec="2" bev="0" fileid="31" />
                <SequencePoint vc="0" uspid="47" ordinal="3" sl="47" sc="1" el="47" ec="2" bec="0" bev="0" fileid="31" />
                <SequencePoint vc="0" uspid="48" ordinal="4" sl="48" sc="1" el="48" ec="2" bec="0" bev="0" fileid="31" />
                <SequencePoint vc="0" uspid="49" ordinal="5" sl="49" sc="1" el="49" ec="2" bec="0" bev="0" fileid="31" />
                <SequencePoint vc="0" uspid="50" ordinal="6" sl="50" sc="1" el="50" ec="2" bec="0" bev="0" fileid="31" />
                <SequencePoint vc="0" uspid="52" ordinal="7" sl="52" sc="1" el="52" ec="2" bec="0" bev="0" fileid="31" />
              </SequencePoints>
              <BranchPoints>
                <BranchPoint vc="0" uspid="45" ordinal="0" path="0" offset="13" offsetend="15" sl="45" fileid="31" />
                <BranchPoint vc="0" uspid="45" ordinal="1" path="1" offset="13" offsetend="21" sl="45" fileid="31" />
              </BranchPoints>
              <MethodPoint vc="0" uspid="0" p8:type="SequencePoint" ordinal="0" offset="0" sc="0" sl="42" ec="1" el="52" bec="0" bev="0" fileid="31" xmlns:p8="xsi" />
            </Method>
            <Method cyclomaticComplexity="4" nPathComplexity="4" sequenceCoverage="62.5" branchCoverage="50" isConstructor="False" isGetter="False" isSetter="False" isStatic="True">
              <Summary numSequencePoints="24" visitedSequencePoints="15" numBranchPoints="4" visitedBranchPoints="2" sequenceCoverage="62.5" branchCoverage="50" maxCyclomaticComplexity="4" minCyclomaticComplexity="4" visitedClasses="0" numClasses="0" visitedMethods="1" numMethods="1" />
              <MetadataToken />
              <Name>System.String InvoiceApi.Data.VendorData::ReceiveData()</Name>
              <FileRef uid="31" />
              <SequencePoints>
                <SequencePoint vc="2" uspid="60" ordinal="0" sl="60" sc="1" el="60" ec="2" bec="0" bev="0" fileid="31" />
                <SequencePoint vc="2" uspid="61" ordinal="1" sl="61" sc="1" el="61" ec="2" bec="0" bev="0" fileid="31" />
                <SequencePoint vc="2" uspid="63" ordinal="2" sl="63" sc="1" el="63" ec="2" bec="2" bev="2" fileid="31" />
                <SequencePoint vc="1" uspid="64" ordinal="3" sl="64" sc="1" el="64" ec="2" bec="0" bev="0" fileid="31" />
                <SequencePoint vc="1" uspid="65" ordinal="4" sl="65" sc="1" el="65" ec="2" bec="0" bev="0" fileid="31" />
                <SequencePoint vc="1" uspid="66" ordinal="5" sl="66" sc="1" el="66" ec="2" bec="0" bev="0" fileid="31" />
                <SequencePoint vc="1" uspid="70" ordinal="6" sl="70" sc="1" el="70" ec="2" bec="0" bev="0" fileid="31" />
                <SequencePoint vc="1" uspid="71" ordinal="7" sl="71" sc="1" el="71" ec="2" bec="0" bev="0" fileid="31" />
                <SequencePoint vc="1" uspid="72" ordinal="8" sl="72" sc="1" el="72" ec="2" bec="0" bev="0" fileid="31" />
                <SequencePoint vc="1" uspid="74" ordinal="9" sl="74" sc="1" el="74" ec="2" bec="0" bev="0" fileid="31" />
                <SequencePoint vc="0" uspid="75" ordinal="10" sl="75" sc="1" el="75" ec="2" bec="0" bev="0" fileid="31" />
                <SequencePoint vc="0" uspid="76" ordinal="11" sl="76" sc="1" el="76" ec="2" bec="0" bev="0" fileid="31" />
                <SequencePoint vc="0" uspid="77" ordinal="12" sl="77" sc="1" el="77" ec="2" bec="0" bev="0" fileid="31" />
                <SequencePoint vc="0" uspid="79" ordinal="13" sl="79" sc="1" el="79" ec="2" bec="2" bev="0" fileid="31" />
                <SequencePoint vc="0" uspid="80" ordinal="14" sl="80" sc="1" el="80" ec="2" bec="0" bev="0" fileid="31" />
                <SequencePoint vc="0" uspid="81" ordinal="15" sl="81" sc="1" el="81" ec="2" bec="0" bev="0" fileid="31" />
                <SequencePoint vc="0" uspid="82" ordinal="16" sl="82" sc="1" el="82" ec="2" bec="0" bev="0" fileid="31" />
                <SequencePoint vc="0" uspid="84" ordinal="17" sl="84" sc="1" el="84" ec="2" bec="0" bev="0" fileid="31" />
                <SequencePoint vc="1" uspid="85" ordinal="18" sl="85" sc="1" el="85" ec="2" bec="0" bev="0" fileid="31" />
                <SequencePoint vc="1" uspid="86" ordinal="19" sl="86" sc="1" el="86" ec="2" bec="0" bev="0" fileid="31" />
                <SequencePoint vc="1" uspid="87" ordinal="20" sl="87" sc="1" el="87" ec="2" bec="0" bev="0" fileid="31" />
                <SequencePoint vc="1" uspid="88" ordinal="21" sl="88" sc="1" el="88" ec="2" bec="0" bev="0" fileid="31" />
                <SequencePoint vc="0" uspid="91" ordinal="22" sl="91" sc="1" el="91" ec="2" bec="0" bev="0" fileid="31" />
                <SequencePoint vc="2" uspid="92" ordinal="23" sl="92" sc="1" el="92" ec="2" bec="0" bev="0" fileid="31" />
              </SequencePoints>
              <BranchPoints>
                <BranchPoint vc="1" uspid="63" ordinal="0" path="0" offset="20" offsetend="22" sl="63" fileid="31" />
                <BranchPoint vc="1" uspid="63" ordinal="1" path="1" offset="20" offsetend="41" sl="63" fileid="31" />
                <BranchPoint vc="0" uspid="79" ordinal="2" path="0" offset="121" offsetend="123" sl="79" fileid="31" />
                <BranchPoint vc="0" uspid="79" ordinal="3" path="1" offset="121" offsetend="143" sl="79" fileid="31" />
              </BranchPoints>
              <MethodPoint vc="15" uspid="0" p8:type="SequencePoint" ordinal="1" offset="1" sc="0" sl="60" ec="1" el="92" bec="0" bev="0" fileid="31" xmlns:p8="xsi" />
            </Method>
            <Method cyclomaticComplexity="1" nPathComplexity="1" sequenceCoverage="0" branchCoverage="100" isConstructor="True" isGetter="False" isSetter="False" isStatic="True">
              <Summary numSequencePoints="5" visitedSequencePoints="0" numBranchPoints="0" visitedBranchPoints="0" sequenceCoverage="0" branchCoverage="100" maxCyclomaticComplexity="1" minCyclomaticComplexity="1" visitedClasses="0" numClasses="0" visitedMethods="0" numMethods="1" />
              <MetadataToken />
              <Name>System.Void InvoiceApi.Data.VendorData::.ctor()</Name>
              <FileRef uid="31" />
              <SequencePoints>
                <SequencePoint vc="0" uspid="18" ordinal="0" sl="18" sc="1" el="18" ec="2" bec="0" bev="0" fileid="31" />
                <SequencePoint vc="0" uspid="19" ordinal="1" sl="19" sc="1" el="19" ec="2" bec="0" bev="0" fileid="31" />
                <SequencePoint vc="0" uspid="20" ordinal="2" sl="20" sc="1" el="20" ec="2" bec="0" bev="0" fileid="31" />
                <SequencePoint vc="0" uspid="21" ordinal="3" sl="21" sc="1" el="21" ec="2" bec="0" bev="0" fileid="31" />
                <SequencePoint vc="0" uspid="22" ordinal="4" sl="22" sc="1" el="22" ec="2" bec="0" bev="0" fileid="31" />
              </SequencePoints>
              <BranchPoints />
              <MethodPoint vc="0" uspid="0" p8:type="SequencePoint" ordinal="2" offset="2" sc="0" sl="18" ec="1" el="22" bec="0" bev="0" fileid="31" xmlns:p8="xsi" />
            </Method>
            <Method cyclomaticComplexity="1" nPathComplexity="1" sequenceCoverage="100" branchCoverage="100" isConstructor="True" isGetter="False" isSetter="False" isStatic="True">
              <Summary numSequencePoints="5" visitedSequencePoints="5" numBranchPoints="0" visitedBranchPoints="0" sequenceCoverage="100" branchCoverage="100" maxCyclomaticComplexity="1" minCyclomaticComplexity="1" visitedClasses="0" numClasses="0" visitedMethods="1" numMethods="1" />
              <MetadataToken />
              <Name>System.Void InvoiceApi.Data.VendorData::.ctor(System.String,InvoiceApi.Protocols.IHttpCliFactory)</Name>
              <FileRef uid="31" />
              <SequencePoints>
                <SequencePoint vc="2" uspid="29" ordinal="0" sl="29" sc="1" el="29" ec="2" bec="0" bev="0" fileid="31" />
                <SequencePoint vc="2" uspid="30" ordinal="1" sl="30" sc="1" el="30" ec="2" bec="0" bev="0" fileid="31" />
                <SequencePoint vc="2" uspid="31" ordinal="2" sl="31" sc="1" el="31" ec="2" bec="0" bev="0" fileid="31" />
                <SequencePoint vc="2" uspid="32" ordinal="3" sl="32" sc="1" el="32" ec="2" bec="0" bev="0" fileid="31" />
                <SequencePoint vc="2" uspid="33" ordinal="4" sl="33" sc="1" el="33" ec="2" bec="0" bev="0" fileid="31" />
              </SequencePoints>
              <BranchPoints />
              <MethodPoint vc="5" uspid="0" p8:type="SequencePoint" ordinal="3" offset="3" sc="0" sl="29" ec="1" el="33" bec="0" bev="0" fileid="31" xmlns:p8="xsi" />
            </Method>
          </Methods>
        </Class>
        <Class>
          <Summary numSequencePoints="10" visitedSequencePoints="0" numBranchPoints="2" visitedBranchPoints="0" sequenceCoverage="0" branchCoverage="0" maxCyclomaticComplexity="2" minCyclomaticComplexity="1" visitedClasses="0" numClasses="1" visitedMethods="0" numMethods="2" />
          <FullName>InvoiceApi.Controllers.InvoicesProcessController</FullName>
          <Methods>
            <Method cyclomaticComplexity="2" nPathComplexity="2" sequenceCoverage="0" branchCoverage="0" isConstructor="False" isGetter="False" isSetter="False" isStatic="True">
              <Summary numSequencePoints="6" visitedSequencePoints="0" numBranchPoints="2" visitedBranchPoints="0" sequenceCoverage="0" branchCoverage="0" maxCyclomaticComplexity="2" minCyclomaticComplexity="2" visitedClasses="0" numClasses="0" visitedMethods="0" numMethods="1" />
              <MetadataToken />
              <Name>Microsoft.AspNetCore.Mvc.IActionResult InvoiceApi.Controllers.InvoicesProcessController::Get()</Name>
              <FileRef uid="32" />
              <SequencePoints>
                <SequencePoint vc="0" uspid="30" ordinal="0" sl="30" sc="1" el="30" ec="2" bec="0" bev="0" fileid="32" />
                <SequencePoint vc="0" uspid="31" ordinal="1" sl="31" sc="1" el="31" ec="2" bec="2" bev="0" fileid="32" />
                <SequencePoint vc="0" uspid="32" ordinal="2" sl="32" sc="1" el="32" ec="2" bec="0" bev="0" fileid="32" />
                <SequencePoint vc="0" uspid="33" ordinal="3" sl="33" sc="1" el="33" ec="2" bec="0" bev="0" fileid="32" />
                <SequencePoint vc="0" uspid="36" ordinal="4" sl="36" sc="1" el="36" ec="2" bec="0" bev="0" fileid="32" />
                <SequencePoint vc="0" uspid="37" ordinal="5" sl="37" sc="1" el="37" ec="2" bec="0" bev="0" fileid="32" />
              </SequencePoints>
              <BranchPoints>
                <BranchPoint vc="0" uspid="31" ordinal="0" path="0" offset="17" offsetend="19" sl="31" fileid="32" />
                <BranchPoint vc="0" uspid="31" ordinal="1" path="1" offset="17" offsetend="34" sl="31" fileid="32" />
              </BranchPoints>
              <MethodPoint vc="0" uspid="0" p8:type="SequencePoint" ordinal="0" offset="0" sc="0" sl="30" ec="1" el="37" bec="0" bev="0" fileid="32" xmlns:p8="xsi" />
            </Method>
            <Method cyclomaticComplexity="1" nPathComplexity="1" sequenceCoverage="0" branchCoverage="100" isConstructor="True" isGetter="False" isSetter="False" isStatic="True">
              <Summary numSequencePoints="4" visitedSequencePoints="0" numBranchPoints="0" visitedBranchPoints="0" sequenceCoverage="0" branchCoverage="100" maxCyclomaticComplexity="1" minCyclomaticComplexity="1" visitedClasses="0" numClasses="0" visitedMethods="0" numMethods="1" />
              <MetadataToken />
              <Name>System.Void InvoiceApi.Controllers.InvoicesProcessController::.ctor(InvoiceApi.Services.InvoiceExternalData)</Name>
              <FileRef uid="32" />
              <SequencePoints>
                <SequencePoint vc="0" uspid="19" ordinal="0" sl="19" sc="1" el="19" ec="2" bec="0" bev="0" fileid="32" />
                <SequencePoint vc="0" uspid="20" ordinal="1" sl="20" sc="1" el="20" ec="2" bec="0" bev="0" fileid="32" />
                <SequencePoint vc="0" uspid="21" ordinal="2" sl="21" sc="1" el="21" ec="2" bec="0" bev="0" fileid="32" />
                <SequencePoint vc="0" uspid="22" ordinal="3" sl="22" sc="1" el="22" ec="2" bec="0" bev="0" fileid="32" />
              </SequencePoints>
              <BranchPoints />
              <MethodPoint vc="0" uspid="0" p8:type="SequencePoint" ordinal="1" offset="1" sc="0" sl="19" ec="1" el="22" bec="0" bev="0" fileid="32" xmlns:p8="xsi" />
            </Method>
          </Methods>
        </Class>
      </Classes>
    </Module>
  </Modules>
</CoverageSession>